<testsuites id="" name="" tests="75" failures="0" skipped="75" errors="0" time="0.16012599999999996">
<testsuite name="auth.spec.ts" timestamp="2026-04-16T22:03:06.827Z" hostname="chromium" tests="6" failures="0" skipped="6" time="0" errors="0">
<testcase name="Authentication › logs in with valid credentials and stores the user profile" classname="auth.spec.ts">
<skipped>
</skipped>
</testcase>
<testcase name="Authentication › rejects invalid credentials" classname="auth.spec.ts">
<skipped>
</skipped>
</testcase>
<testcase name="Authentication › persists the authenticated session after reload" classname="auth.spec.ts">
<skipped>
</skipped>
</testcase>
<testcase name="Authentication › logs out and clears the session cache" classname="auth.spec.ts">
<skipped>
</skipped>
</testcase>
<testcase name="Authentication › blocks weak passwords in signup before hitting the backend" classname="auth.spec.ts">
<skipped>
</skipped>
</testcase>
<testcase name="Authentication › blocks weak passwords in the profile password-change flow" classname="auth.spec.ts">
<skipped>
</skipped>
</testcase>
</testsuite>
<testsuite name="authorization.spec.ts" timestamp="2026-04-16T22:03:06.827Z" hostname="chromium" tests="3" failures="0" skipped="3" time="0" errors="0">
<testcase name="Authorization Security › admin can access /api/users but staff receives 403" classname="authorization.spec.ts">
<skipped>
</skipped>
</testcase>
<testcase name="Authorization Security › staff only gets safe task-context users while admin-only activity feed stays protected" classname="authorization.spec.ts">
<skipped>
</skipped>
</testcase>
<testcase name="Authorization Security › file downloads require authentication" classname="authorization.spec.ts">
<skipped>
</skipped>
</testcase>
</testsuite>
<testsuite name="performance.spec.ts" timestamp="2026-04-16T22:03:06.827Z" hostname="chromium" tests="3" failures="0" skipped="3" time="0" errors="0">
<testcase name="System Responsiveness › tasks workspace responds within a reasonable budget" classname="performance.spec.ts">
<skipped>
</skipped>
</testcase>
<testcase name="System Responsiveness › notifications unread-count endpoint returns quickly for the active user" classname="performance.spec.ts">
<skipped>
</skipped>
</testcase>
<testcase name="System Responsiveness › tasks page shell loads without hanging" classname="performance.spec.ts">
<skipped>
</skipped>
</testcase>
</testsuite>
<testsuite name="tasks.spec.ts" timestamp="2026-04-16T22:03:06.827Z" hostname="chromium" tests="3" failures="0" skipped="3" time="0" errors="0">
<testcase name="Task Management › admin can create a task and see it in the workspace and UI" classname="tasks.spec.ts">
<skipped>
</skipped>
</testcase>
<testcase name="Task Management › authenticated upload returns a secure download URL that works for the same user" classname="tasks.spec.ts">
<skipped>
</skipped>
</testcase>
<testcase name="Task Management › staff can read the workspace but cannot create admin-only tasks" classname="tasks.spec.ts">
<skipped>
</skipped>
</testcase>
</testsuite>
<testsuite name="auth.spec.ts" timestamp="2026-04-16T22:03:06.827Z" hostname="firefox" tests="6" failures="0" skipped="6" time="0" errors="0">
<testcase name="Authentication › logs in with valid credentials and stores the user profile" classname="auth.spec.ts">
<skipped>
</skipped>
</testcase>
<testcase name="Authentication › rejects invalid credentials" classname="auth.spec.ts">
<skipped>
</skipped>
</testcase>
<testcase name="Authentication › persists the authenticated session after reload" classname="auth.spec.ts">
<skipped>
</skipped>
</testcase>
<testcase name="Authentication › logs out and clears the session cache" classname="auth.spec.ts">
<skipped>
</skipped>
</testcase>
<testcase name="Authentication › blocks weak passwords in signup before hitting the backend" classname="auth.spec.ts">
<skipped>
</skipped>
</testcase>
<testcase name="Authentication › blocks weak passwords in the profile password-change flow" classname="auth.spec.ts">
<skipped>
</skipped>
</testcase>
</testsuite>
<testsuite name="authorization.spec.ts" timestamp="2026-04-16T22:03:06.827Z" hostname="firefox" tests="3" failures="0" skipped="3" time="0" errors="0">
<testcase name="Authorization Security › admin can access /api/users but staff receives 403" classname="authorization.spec.ts">
<skipped>
</skipped>
</testcase>
<testcase name="Authorization Security › staff only gets safe task-context users while admin-only activity feed stays protected" classname="authorization.spec.ts">
<skipped>
</skipped>
</testcase>
<testcase name="Authorization Security › file downloads require authentication" classname="authorization.spec.ts">
<skipped>
</skipped>
</testcase>
</testsuite>
<testsuite name="performance.spec.ts" timestamp="2026-04-16T22:03:06.827Z" hostname="firefox" tests="3" failures="0" skipped="3" time="0" errors="0">
<testcase name="System Responsiveness › tasks workspace responds within a reasonable budget" classname="performance.spec.ts">
<skipped>
</skipped>
</testcase>
<testcase name="System Responsiveness › notifications unread-count endpoint returns quickly for the active user" classname="performance.spec.ts">
<skipped>
</skipped>
</testcase>
<testcase name="System Responsiveness › tasks page shell loads without hanging" classname="performance.spec.ts">
<skipped>
</skipped>
</testcase>
</testsuite>
<testsuite name="tasks.spec.ts" timestamp="2026-04-16T22:03:06.827Z" hostname="firefox" tests="3" failures="0" skipped="3" time="0" errors="0">
<testcase name="Task Management › admin can create a task and see it in the workspace and UI" classname="tasks.spec.ts">
<skipped>
</skipped>
</testcase>
<testcase name="Task Management › authenticated upload returns a secure download URL that works for the same user" classname="tasks.spec.ts">
<skipped>
</skipped>
</testcase>
<testcase name="Task Management › staff can read the workspace but cannot create admin-only tasks" classname="tasks.spec.ts">
<skipped>
</skipped>
</testcase>
</testsuite>
<testsuite name="auth.spec.ts" timestamp="2026-04-16T22:03:06.827Z" hostname="webkit" tests="6" failures="0" skipped="6" time="0" errors="0">
<testcase name="Authentication › logs in with valid credentials and stores the user profile" classname="auth.spec.ts">
<skipped>
</skipped>
</testcase>
<testcase name="Authentication › rejects invalid credentials" classname="auth.spec.ts">
<skipped>
</skipped>
</testcase>
<testcase name="Authentication › persists the authenticated session after reload" classname="auth.spec.ts">
<skipped>
</skipped>
</testcase>
<testcase name="Authentication › logs out and clears the session cache" classname="auth.spec.ts">
<skipped>
</skipped>
</testcase>
<testcase name="Authentication › blocks weak passwords in signup before hitting the backend" classname="auth.spec.ts">
<skipped>
</skipped>
</testcase>
<testcase name="Authentication › blocks weak passwords in the profile password-change flow" classname="auth.spec.ts">
<skipped>
</skipped>
</testcase>
</testsuite>
<testsuite name="authorization.spec.ts" timestamp="2026-04-16T22:03:06.827Z" hostname="webkit" tests="3" failures="0" skipped="3" time="0" errors="0">
<testcase name="Authorization Security › admin can access /api/users but staff receives 403" classname="authorization.spec.ts">
<skipped>
</skipped>
</testcase>
<testcase name="Authorization Security › staff only gets safe task-context users while admin-only activity feed stays protected" classname="authorization.spec.ts">
<skipped>
</skipped>
</testcase>
<testcase name="Authorization Security › file downloads require authentication" classname="authorization.spec.ts">
<skipped>
</skipped>
</testcase>
</testsuite>
<testsuite name="performance.spec.ts" timestamp="2026-04-16T22:03:06.827Z" hostname="webkit" tests="3" failures="0" skipped="3" time="0" errors="0">
<testcase name="System Responsiveness › tasks workspace responds within a reasonable budget" classname="performance.spec.ts">
<skipped>
</skipped>
</testcase>
<testcase name="System Responsiveness › notifications unread-count endpoint returns quickly for the active user" classname="performance.spec.ts">
<skipped>
</skipped>
</testcase>
<testcase name="System Responsiveness › tasks page shell loads without hanging" classname="performance.spec.ts">
<skipped>
</skipped>
</testcase>
</testsuite>
<testsuite name="tasks.spec.ts" timestamp="2026-04-16T22:03:06.827Z" hostname="webkit" tests="3" failures="0" skipped="3" time="0" errors="0">
<testcase name="Task Management › admin can create a task and see it in the workspace and UI" classname="tasks.spec.ts">
<skipped>
</skipped>
</testcase>
<testcase name="Task Management › authenticated upload returns a secure download URL that works for the same user" classname="tasks.spec.ts">
<skipped>
</skipped>
</testcase>
<testcase name="Task Management › staff can read the workspace but cannot create admin-only tasks" classname="tasks.spec.ts">
<skipped>
</skipped>
</testcase>
</testsuite>
<testsuite name="auth.spec.ts" timestamp="2026-04-16T22:03:06.827Z" hostname="Mobile Chrome" tests="6" failures="0" skipped="6" time="0" errors="0">
<testcase name="Authentication › logs in with valid credentials and stores the user profile" classname="auth.spec.ts">
<skipped>
</skipped>
</testcase>
<testcase name="Authentication › rejects invalid credentials" classname="auth.spec.ts">
<skipped>
</skipped>
</testcase>
<testcase name="Authentication › persists the authenticated session after reload" classname="auth.spec.ts">
<skipped>
</skipped>
</testcase>
<testcase name="Authentication › logs out and clears the session cache" classname="auth.spec.ts">
<skipped>
</skipped>
</testcase>
<testcase name="Authentication › blocks weak passwords in signup before hitting the backend" classname="auth.spec.ts">
<skipped>
</skipped>
</testcase>
<testcase name="Authentication › blocks weak passwords in the profile password-change flow" classname="auth.spec.ts">
<skipped>
</skipped>
</testcase>
</testsuite>
<testsuite name="authorization.spec.ts" timestamp="2026-04-16T22:03:06.827Z" hostname="Mobile Chrome" tests="3" failures="0" skipped="3" time="0" errors="0">
<testcase name="Authorization Security › admin can access /api/users but staff receives 403" classname="authorization.spec.ts">
<skipped>
</skipped>
</testcase>
<testcase name="Authorization Security › staff only gets safe task-context users while admin-only activity feed stays protected" classname="authorization.spec.ts">
<skipped>
</skipped>
</testcase>
<testcase name="Authorization Security › file downloads require authentication" classname="authorization.spec.ts">
<skipped>
</skipped>
</testcase>
</testsuite>
<testsuite name="performance.spec.ts" timestamp="2026-04-16T22:03:06.827Z" hostname="Mobile Chrome" tests="3" failures="0" skipped="3" time="0" errors="0">
<testcase name="System Responsiveness › tasks workspace responds within a reasonable budget" classname="performance.spec.ts">
<skipped>
</skipped>
</testcase>
<testcase name="System Responsiveness › notifications unread-count endpoint returns quickly for the active user" classname="performance.spec.ts">
<skipped>
</skipped>
</testcase>
<testcase name="System Responsiveness › tasks page shell loads without hanging" classname="performance.spec.ts">
<skipped>
</skipped>
</testcase>
</testsuite>
<testsuite name="tasks.spec.ts" timestamp="2026-04-16T22:03:06.827Z" hostname="Mobile Chrome" tests="3" failures="0" skipped="3" time="0" errors="0">
<testcase name="Task Management › admin can create a task and see it in the workspace and UI" classname="tasks.spec.ts">
<skipped>
</skipped>
</testcase>
<testcase name="Task Management › authenticated upload returns a secure download URL that works for the same user" classname="tasks.spec.ts">
<skipped>
</skipped>
</testcase>
<testcase name="Task Management › staff can read the workspace but cannot create admin-only tasks" classname="tasks.spec.ts">
<skipped>
</skipped>
</testcase>
</testsuite>
<testsuite name="auth.spec.ts" timestamp="2026-04-16T22:03:06.827Z" hostname="Mobile Safari" tests="6" failures="0" skipped="6" time="0" errors="0">
<testcase name="Authentication › logs in with valid credentials and stores the user profile" classname="auth.spec.ts">
<skipped>
</skipped>
</testcase>
<testcase name="Authentication › rejects invalid credentials" classname="auth.spec.ts">
<skipped>
</skipped>
</testcase>
<testcase name="Authentication › persists the authenticated session after reload" classname="auth.spec.ts">
<skipped>
</skipped>
</testcase>
<testcase name="Authentication › logs out and clears the session cache" classname="auth.spec.ts">
<skipped>
</skipped>
</testcase>
<testcase name="Authentication › blocks weak passwords in signup before hitting the backend" classname="auth.spec.ts">
<skipped>
</skipped>
</testcase>
<testcase name="Authentication › blocks weak passwords in the profile password-change flow" classname="auth.spec.ts">
<skipped>
</skipped>
</testcase>
</testsuite>
<testsuite name="authorization.spec.ts" timestamp="2026-04-16T22:03:06.827Z" hostname="Mobile Safari" tests="3" failures="0" skipped="3" time="0" errors="0">
<testcase name="Authorization Security › admin can access /api/users but staff receives 403" classname="authorization.spec.ts">
<skipped>
</skipped>
</testcase>
<testcase name="Authorization Security › staff only gets safe task-context users while admin-only activity feed stays protected" classname="authorization.spec.ts">
<skipped>
</skipped>
</testcase>
<testcase name="Authorization Security › file downloads require authentication" classname="authorization.spec.ts">
<skipped>
</skipped>
</testcase>
</testsuite>
<testsuite name="performance.spec.ts" timestamp="2026-04-16T22:03:06.827Z" hostname="Mobile Safari" tests="3" failures="0" skipped="3" time="0" errors="0">
<testcase name="System Responsiveness › tasks workspace responds within a reasonable budget" classname="performance.spec.ts">
<skipped>
</skipped>
</testcase>
<testcase name="System Responsiveness › notifications unread-count endpoint returns quickly for the active user" classname="performance.spec.ts">
<skipped>
</skipped>
</testcase>
<testcase name="System Responsiveness › tasks page shell loads without hanging" classname="performance.spec.ts">
<skipped>
</skipped>
</testcase>
</testsuite>
<testsuite name="tasks.spec.ts" timestamp="2026-04-16T22:03:06.827Z" hostname="Mobile Safari" tests="3" failures="0" skipped="3" time="0" errors="0">
<testcase name="Task Management › admin can create a task and see it in the workspace and UI" classname="tasks.spec.ts">
<skipped>
</skipped>
</testcase>
<testcase name="Task Management › authenticated upload returns a secure download URL that works for the same user" classname="tasks.spec.ts">
<skipped>
</skipped>
</testcase>
<testcase name="Task Management › staff can read the workspace but cannot create admin-only tasks" classname="tasks.spec.ts">
<skipped>
</skipped>
</testcase>
</testsuite>
</testsuites>