<testsuites id="" name="" tests="125" failures="0" skipped="0" errors="125" time="325.365316">
<testsuite name="auth.spec.ts" timestamp="2026-04-13T07:02:00.291Z" hostname="chromium" tests="7" failures="0" skipped="0" time="236.883" errors="7">
<testcase name="Authentication › should login with valid credentials" classname="auth.spec.ts" time="33.912">
<system-out>
<![CDATA[
[[ATTACHMENT|auth-Authentication-should-login-with-valid-credentials-chromium\test-failed-1.png]]

[[ATTACHMENT|auth-Authentication-should-login-with-valid-credentials-chromium\video.webm]]

[[ATTACHMENT|auth-Authentication-should-login-with-valid-credentials-chromium\error-context.md]]
]]>
</system-out>
<error message="Test timeout of 30000ms exceeded." type="Error">
<![CDATA[  [chromium] › auth.spec.ts:9:3 › Authentication › should login with valid credentials ─────────────

    Test timeout of 30000ms exceeded.

    Error: page.fill: Test timeout of 30000ms exceeded.
    Call log:
      - waiting for locator('input[type="email"]')


      11 |
      12 |     // Fill login form
    > 13 |     await page.fill('input[type="email"]', TEST_ACCOUNTS.ADMIN.email);
         |                ^
      14 |     await page.fill('input[type="password"]', TEST_ACCOUNTS.ADMIN.password);
      15 |
      16 |     // Submit
        at C:\TaskAm-main\TaskAm-main\tests\e2e\auth.spec.ts:13:16

    attachment #1: screenshot (image/png) ──────────────────────────────────────────────────────────
    ..\..\test-results\auth-Authentication-should-login-with-valid-credentials-chromium\test-failed-1.png
    ────────────────────────────────────────────────────────────────────────────────────────────────

    attachment #2: video (video/webm) ──────────────────────────────────────────────────────────────
    ..\..\test-results\auth-Authentication-should-login-with-valid-credentials-chromium\video.webm
    ────────────────────────────────────────────────────────────────────────────────────────────────

    Error Context: ..\..\test-results\auth-Authentication-should-login-with-valid-credentials-chromium\error-context.md
]]>
</error>
</testcase>
<testcase name="Authentication › should reject invalid credentials" classname="auth.spec.ts" time="33.853">
<system-out>
<![CDATA[
[[ATTACHMENT|auth-Authentication-should-reject-invalid-credentials-chromium\test-failed-1.png]]

[[ATTACHMENT|auth-Authentication-should-reject-invalid-credentials-chromium\video.webm]]

[[ATTACHMENT|auth-Authentication-should-reject-invalid-credentials-chromium\error-context.md]]
]]>
</system-out>
<error message="Test timeout of 30000ms exceeded." type="Error">
<![CDATA[  [chromium] › auth.spec.ts:31:3 › Authentication › should reject invalid credentials ──────────────

    Test timeout of 30000ms exceeded.

    Error: page.fill: Test timeout of 30000ms exceeded.
    Call log:
      - waiting for locator('input[type="email"]')


      32 |     await page.goto("/");
      33 |
    > 34 |     await page.fill('input[type="email"]', "invalid@test.com");
         |                ^
      35 |     await page.fill('input[type="password"]', "wrongpassword");
      36 |
      37 |     await page.click('button[type="submit"]');
        at C:\TaskAm-main\TaskAm-main\tests\e2e\auth.spec.ts:34:16

    attachment #1: screenshot (image/png) ──────────────────────────────────────────────────────────
    ..\..\test-results\auth-Authentication-should-reject-invalid-credentials-chromium\test-failed-1.png
    ────────────────────────────────────────────────────────────────────────────────────────────────

    attachment #2: video (video/webm) ──────────────────────────────────────────────────────────────
    ..\..\test-results\auth-Authentication-should-reject-invalid-credentials-chromium\video.webm
    ────────────────────────────────────────────────────────────────────────────────────────────────

    Error Context: ..\..\test-results\auth-Authentication-should-reject-invalid-credentials-chromium\error-context.md
]]>
</error>
</testcase>
<testcase name="Authentication › should store user profile in session" classname="auth.spec.ts" time="33.907">
<system-out>
<![CDATA[
[[ATTACHMENT|auth-Authentication-should-store-user-profile-in-session-chromium\test-failed-1.png]]

[[ATTACHMENT|auth-Authentication-should-store-user-profile-in-session-chromium\video.webm]]

[[ATTACHMENT|auth-Authentication-should-store-user-profile-in-session-chromium\error-context.md]]
]]>
</system-out>
<error message="Test timeout of 30000ms exceeded." type="Error">
<![CDATA[  [chromium] › auth.spec.ts:44:3 › Authentication › should store user profile in session ───────────

    Test timeout of 30000ms exceeded.

    Error: page.fill: Test timeout of 30000ms exceeded.
    Call log:
      - waiting for locator('input[type="email"]')


       at fixtures.ts:84

      82 |   async login(page: Page, email: string, password: string) {
      83 |     await page.goto("/");
    > 84 |     await page.fill('input[type="email"]', email);
         |                ^
      85 |     await page.fill('input[type="password"]', password);
      86 |     await page.click('button[type="submit"]');
      87 |     await page.waitForURL("**/dashboard", { timeout: 10000 });
        at Object.login (C:\TaskAm-main\TaskAm-main\tests\e2e\fixtures.ts:84:16)
        at C:\TaskAm-main\TaskAm-main\tests\e2e\auth.spec.ts:45:5

    attachment #1: screenshot (image/png) ──────────────────────────────────────────────────────────
    ..\..\test-results\auth-Authentication-should-store-user-profile-in-session-chromium\test-failed-1.png
    ────────────────────────────────────────────────────────────────────────────────────────────────

    attachment #2: video (video/webm) ──────────────────────────────────────────────────────────────
    ..\..\test-results\auth-Authentication-should-store-user-profile-in-session-chromium\video.webm
    ────────────────────────────────────────────────────────────────────────────────────────────────

    Error Context: ..\..\test-results\auth-Authentication-should-store-user-profile-in-session-chromium\error-context.md
]]>
</error>
</testcase>
<testcase name="Authentication › should persist session on page reload" classname="auth.spec.ts" time="34.231">
<system-out>
<![CDATA[
[[ATTACHMENT|auth-Authentication-should-persist-session-on-page-reload-chromium\test-failed-1.png]]

[[ATTACHMENT|auth-Authentication-should-persist-session-on-page-reload-chromium\video.webm]]

[[ATTACHMENT|auth-Authentication-should-persist-session-on-page-reload-chromium\error-context.md]]
]]>
</system-out>
<error message="Test timeout of 30000ms exceeded." type="Error">
<![CDATA[  [chromium] › auth.spec.ts:57:3 › Authentication › should persist session on page reload ──────────

    Test timeout of 30000ms exceeded.

    Error: page.fill: Test timeout of 30000ms exceeded.
    Call log:
      - waiting for locator('input[type="email"]')


       at fixtures.ts:84

      82 |   async login(page: Page, email: string, password: string) {
      83 |     await page.goto("/");
    > 84 |     await page.fill('input[type="email"]', email);
         |                ^
      85 |     await page.fill('input[type="password"]', password);
      86 |     await page.click('button[type="submit"]');
      87 |     await page.waitForURL("**/dashboard", { timeout: 10000 });
        at Object.login (C:\TaskAm-main\TaskAm-main\tests\e2e\fixtures.ts:84:16)
        at C:\TaskAm-main\TaskAm-main\tests\e2e\auth.spec.ts:58:5

    attachment #1: screenshot (image/png) ──────────────────────────────────────────────────────────
    ..\..\test-results\auth-Authentication-should-persist-session-on-page-reload-chromium\test-failed-1.png
    ────────────────────────────────────────────────────────────────────────────────────────────────

    attachment #2: video (video/webm) ──────────────────────────────────────────────────────────────
    ..\..\test-results\auth-Authentication-should-persist-session-on-page-reload-chromium\video.webm
    ────────────────────────────────────────────────────────────────────────────────────────────────

    Error Context: ..\..\test-results\auth-Authentication-should-persist-session-on-page-reload-chromium\error-context.md
]]>
</error>
</testcase>
<testcase name="Authentication › should logout successfully" classname="auth.spec.ts" time="34.019">
<system-out>
<![CDATA[
[[ATTACHMENT|auth-Authentication-should-logout-successfully-chromium\test-failed-1.png]]

[[ATTACHMENT|auth-Authentication-should-logout-successfully-chromium\video.webm]]

[[ATTACHMENT|auth-Authentication-should-logout-successfully-chromium\error-context.md]]
]]>
</system-out>
<error message="Test timeout of 30000ms exceeded." type="Error">
<![CDATA[  [chromium] › auth.spec.ts:73:3 › Authentication › should logout successfully ─────────────────────

    Test timeout of 30000ms exceeded.

    Error: page.fill: Test timeout of 30000ms exceeded.
    Call log:
      - waiting for locator('input[type="email"]')


       at fixtures.ts:84

      82 |   async login(page: Page, email: string, password: string) {
      83 |     await page.goto("/");
    > 84 |     await page.fill('input[type="email"]', email);
         |                ^
      85 |     await page.fill('input[type="password"]', password);
      86 |     await page.click('button[type="submit"]');
      87 |     await page.waitForURL("**/dashboard", { timeout: 10000 });
        at Object.login (C:\TaskAm-main\TaskAm-main\tests\e2e\fixtures.ts:84:16)
        at C:\TaskAm-main\TaskAm-main\tests\e2e\auth.spec.ts:74:5

    attachment #1: screenshot (image/png) ──────────────────────────────────────────────────────────
    ..\..\test-results\auth-Authentication-should-logout-successfully-chromium\test-failed-1.png
    ────────────────────────────────────────────────────────────────────────────────────────────────

    attachment #2: video (video/webm) ──────────────────────────────────────────────────────────────
    ..\..\test-results\auth-Authentication-should-logout-successfully-chromium\video.webm
    ────────────────────────────────────────────────────────────────────────────────────────────────

    Error Context: ..\..\test-results\auth-Authentication-should-logout-successfully-chromium\error-context.md
]]>
</error>
</testcase>
<testcase name="Authentication › should require reauthentication for password change" classname="auth.spec.ts" time="34.206">
<system-out>
<![CDATA[
[[ATTACHMENT|auth-Authentication-should-64df4-ication-for-password-change-chromium\test-failed-1.png]]

[[ATTACHMENT|auth-Authentication-should-64df4-ication-for-password-change-chromium\video.webm]]

[[ATTACHMENT|auth-Authentication-should-64df4-ication-for-password-change-chromium\error-context.md]]
]]>
</system-out>
<error message="Test timeout of 30000ms exceeded." type="Error">
<![CDATA[  [chromium] › auth.spec.ts:89:3 › Authentication › should require reauthentication for password change 

    Test timeout of 30000ms exceeded.

    Error: page.fill: Test timeout of 30000ms exceeded.
    Call log:
      - waiting for locator('input[type="email"]')


       at fixtures.ts:84

      82 |   async login(page: Page, email: string, password: string) {
      83 |     await page.goto("/");
    > 84 |     await page.fill('input[type="email"]', email);
         |                ^
      85 |     await page.fill('input[type="password"]', password);
      86 |     await page.click('button[type="submit"]');
      87 |     await page.waitForURL("**/dashboard", { timeout: 10000 });
        at Object.login (C:\TaskAm-main\TaskAm-main\tests\e2e\fixtures.ts:84:16)
        at C:\TaskAm-main\TaskAm-main\tests\e2e\auth.spec.ts:90:5

    attachment #1: screenshot (image/png) ──────────────────────────────────────────────────────────
    ..\..\test-results\auth-Authentication-should-64df4-ication-for-password-change-chromium\test-failed-1.png
    ────────────────────────────────────────────────────────────────────────────────────────────────

    attachment #2: video (video/webm) ──────────────────────────────────────────────────────────────
    ..\..\test-results\auth-Authentication-should-64df4-ication-for-password-change-chromium\video.webm
    ────────────────────────────────────────────────────────────────────────────────────────────────

    Error Context: ..\..\test-results\auth-Authentication-should-64df4-ication-for-password-change-chromium\error-context.md
]]>
</error>
</testcase>
<testcase name="Authentication › should enforce password complexity requirements" classname="auth.spec.ts" time="32.755">
<system-out>
<![CDATA[
[[ATTACHMENT|auth-Authentication-should-6d030-ord-complexity-requirements-chromium\test-failed-1.png]]

[[ATTACHMENT|auth-Authentication-should-6d030-ord-complexity-requirements-chromium\video.webm]]

[[ATTACHMENT|auth-Authentication-should-6d030-ord-complexity-requirements-chromium\error-context.md]]
]]>
</system-out>
<error message="Test timeout of 30000ms exceeded." type="Error">
<![CDATA[  [chromium] › auth.spec.ts:113:3 › Authentication › should enforce password complexity requirements 

    Test timeout of 30000ms exceeded.

    Error: page.fill: Test timeout of 30000ms exceeded.
    Call log:
      - waiting for locator('input[name="password"]')


      122 |
      123 |     for (const { password, error } of testCases) {
    > 124 |       await page.fill('input[name="password"]', password);
          |                  ^
      125 |       const helpText = page.locator('text=' + error);
      126 |       await expect(helpText).toBeVisible({ timeout: 3000 });
      127 |     }
        at C:\TaskAm-main\TaskAm-main\tests\e2e\auth.spec.ts:124:18

    attachment #1: screenshot (image/png) ──────────────────────────────────────────────────────────
    ..\..\test-results\auth-Authentication-should-6d030-ord-complexity-requirements-chromium\test-failed-1.png
    ────────────────────────────────────────────────────────────────────────────────────────────────

    attachment #2: video (video/webm) ──────────────────────────────────────────────────────────────
    ..\..\test-results\auth-Authentication-should-6d030-ord-complexity-requirements-chromium\video.webm
    ────────────────────────────────────────────────────────────────────────────────────────────────

    Error Context: ..\..\test-results\auth-Authentication-should-6d030-ord-complexity-requirements-chromium\error-context.md
]]>
</error>
</testcase>
</testsuite>
<testsuite name="authorization.spec.ts" timestamp="2026-04-13T07:02:00.291Z" hostname="chromium" tests="5" failures="0" skipped="0" time="68.66" errors="5">
<testcase name="Authorization Security › staff user cannot see other staff tasks" classname="authorization.spec.ts" time="1.206">
<system-out>
<![CDATA[
[[ATTACHMENT|authorization-Authorizatio-06b84-annot-see-other-staff-tasks-chromium\test-failed-1.png]]

[[ATTACHMENT|authorization-Authorizatio-06b84-annot-see-other-staff-tasks-chromium\video.webm]]

[[ATTACHMENT|authorization-Authorizatio-06b84-annot-see-other-staff-tasks-chromium\error-context.md]]
]]>
</system-out>
<error message="Cannot read properties of undefined (reading &apos;email&apos;)" type="TypeError">
<![CDATA[  [chromium] › authorization.spec.ts:11:3 › Authorization Security › staff user cannot see other staff tasks 

    TypeError: Cannot read properties of undefined (reading 'email')

      11 |   test("staff user cannot see other staff tasks", async ({ page }) => {
      12 |     // Login as staff user 1
    > 13 |     await testUtils.login(page, TEST_ACCOUNTS.STAFF1.email, TEST_ACCOUNTS.STAFF1.password);
         |                                                      ^
      14 |
      15 |     // Navigate to tasks
      16 |     await page.goto("/tasks");
        at C:\TaskAm-main\TaskAm-main\tests\e2e\authorization.spec.ts:13:54

    attachment #1: screenshot (image/png) ──────────────────────────────────────────────────────────
    ..\..\test-results\authorization-Authorizatio-06b84-annot-see-other-staff-tasks-chromium\test-failed-1.png
    ────────────────────────────────────────────────────────────────────────────────────────────────

    attachment #2: video (video/webm) ──────────────────────────────────────────────────────────────
    ..\..\test-results\authorization-Authorizatio-06b84-annot-see-other-staff-tasks-chromium\video.webm
    ────────────────────────────────────────────────────────────────────────────────────────────────

    Error Context: ..\..\test-results\authorization-Authorizatio-06b84-annot-see-other-staff-tasks-chromium\error-context.md
]]>
</error>
</testcase>
<testcase name="Authorization Security › admin can see all tasks" classname="authorization.spec.ts" time="32.735">
<system-out>
<![CDATA[
[[ATTACHMENT|authorization-Authorization-Security-admin-can-see-all-tasks-chromium\test-failed-1.png]]

[[ATTACHMENT|authorization-Authorization-Security-admin-can-see-all-tasks-chromium\video.webm]]

[[ATTACHMENT|authorization-Authorization-Security-admin-can-see-all-tasks-chromium\error-context.md]]
]]>
</system-out>
<error message="Test timeout of 30000ms exceeded." type="Error">
<![CDATA[  [chromium] › authorization.spec.ts:55:3 › Authorization Security › admin can see all tasks ───────

    Test timeout of 30000ms exceeded.

    Error: page.fill: Test timeout of 30000ms exceeded.
    Call log:
      - waiting for locator('input[type="email"]')


       at fixtures.ts:84

      82 |   async login(page: Page, email: string, password: string) {
      83 |     await page.goto("/");
    > 84 |     await page.fill('input[type="email"]', email);
         |                ^
      85 |     await page.fill('input[type="password"]', password);
      86 |     await page.click('button[type="submit"]');
      87 |     await page.waitForURL("**/dashboard", { timeout: 10000 });
        at Object.login (C:\TaskAm-main\TaskAm-main\tests\e2e\fixtures.ts:84:16)
        at C:\TaskAm-main\TaskAm-main\tests\e2e\authorization.spec.ts:56:5

    attachment #1: screenshot (image/png) ──────────────────────────────────────────────────────────
    ..\..\test-results\authorization-Authorization-Security-admin-can-see-all-tasks-chromium\test-failed-1.png
    ────────────────────────────────────────────────────────────────────────────────────────────────

    attachment #2: video (video/webm) ──────────────────────────────────────────────────────────────
    ..\..\test-results\authorization-Authorization-Security-admin-can-see-all-tasks-chromium\video.webm
    ────────────────────────────────────────────────────────────────────────────────────────────────

    Error Context: ..\..\test-results\authorization-Authorization-Security-admin-can-see-all-tasks-chromium\error-context.md
]]>
</error>
</testcase>
<testcase name="Authorization Security › staff cannot delete other staff&apos;s time entries" classname="authorization.spec.ts" time="1.051">
<system-out>
<![CDATA[
[[ATTACHMENT|authorization-Authorizatio-21fed--other-staff-s-time-entries-chromium\test-failed-1.png]]

[[ATTACHMENT|authorization-Authorizatio-21fed--other-staff-s-time-entries-chromium\video.webm]]

[[ATTACHMENT|authorization-Authorizatio-21fed--other-staff-s-time-entries-chromium\error-context.md]]
]]>
</system-out>
<error message="Cannot read properties of undefined (reading &apos;email&apos;)" type="TypeError">
<![CDATA[  [chromium] › authorization.spec.ts:76:3 › Authorization Security › staff cannot delete other staff's time entries 

    TypeError: Cannot read properties of undefined (reading 'email')

      76 |   test("staff cannot delete other staff's time entries", async ({ page }) => {
      77 |     // Create a task with Staff 1
    > 78 |     await testUtils.login(page, TEST_ACCOUNTS.STAFF1.email, TEST_ACCOUNTS.STAFF1.password);
         |                                                      ^
      79 |
      80 |     await page.goto("/tasks");
      81 |     await page.waitForLoadState("networkidle");
        at C:\TaskAm-main\TaskAm-main\tests\e2e\authorization.spec.ts:78:54

    attachment #1: screenshot (image/png) ──────────────────────────────────────────────────────────
    ..\..\test-results\authorization-Authorizatio-21fed--other-staff-s-time-entries-chromium\test-failed-1.png
    ────────────────────────────────────────────────────────────────────────────────────────────────

    attachment #2: video (video/webm) ──────────────────────────────────────────────────────────────
    ..\..\test-results\authorization-Authorizatio-21fed--other-staff-s-time-entries-chromium\video.webm
    ────────────────────────────────────────────────────────────────────────────────────────────────

    Error Context: ..\..\test-results\authorization-Authorizatio-21fed--other-staff-s-time-entries-chromium\error-context.md
]]>
</error>
</testcase>
<testcase name="Authorization Security › file download requires authentication" classname="authorization.spec.ts" time="32.553">
<system-out>
<![CDATA[
[[ATTACHMENT|authorization-Authorizatio-49ff4-oad-requires-authentication-chromium\test-failed-1.png]]

[[ATTACHMENT|authorization-Authorizatio-49ff4-oad-requires-authentication-chromium\video.webm]]

[[ATTACHMENT|authorization-Authorizatio-49ff4-oad-requires-authentication-chromium\error-context.md]]
]]>
</system-out>
<error message="Test timeout of 30000ms exceeded." type="Error">
<![CDATA[  [chromium] › authorization.spec.ts:141:3 › Authorization Security › file download requires authentication 

    Test timeout of 30000ms exceeded.

    Error: page.fill: Test timeout of 30000ms exceeded.
    Call log:
      - waiting for locator('input[type="email"]')


       at fixtures.ts:84

      82 |   async login(page: Page, email: string, password: string) {
      83 |     await page.goto("/");
    > 84 |     await page.fill('input[type="email"]', email);
         |                ^
      85 |     await page.fill('input[type="password"]', password);
      86 |     await page.click('button[type="submit"]');
      87 |     await page.waitForURL("**/dashboard", { timeout: 10000 });
        at Object.login (C:\TaskAm-main\TaskAm-main\tests\e2e\fixtures.ts:84:16)
        at C:\TaskAm-main\TaskAm-main\tests\e2e\authorization.spec.ts:143:5

    attachment #1: screenshot (image/png) ──────────────────────────────────────────────────────────
    ..\..\test-results\authorization-Authorizatio-49ff4-oad-requires-authentication-chromium\test-failed-1.png
    ────────────────────────────────────────────────────────────────────────────────────────────────

    attachment #2: video (video/webm) ──────────────────────────────────────────────────────────────
    ..\..\test-results\authorization-Authorizatio-49ff4-oad-requires-authentication-chromium\video.webm
    ────────────────────────────────────────────────────────────────────────────────────────────────

    Error Context: ..\..\test-results\authorization-Authorizatio-49ff4-oad-requires-authentication-chromium\error-context.md
]]>
</error>
</testcase>
<testcase name="Authorization Security › staff cannot modify task status to bypass workflow" classname="authorization.spec.ts" time="1.115">
<system-out>
<![CDATA[
[[ATTACHMENT|authorization-Authorizatio-f1803-k-status-to-bypass-workflow-chromium\test-failed-1.png]]

[[ATTACHMENT|authorization-Authorizatio-f1803-k-status-to-bypass-workflow-chromium\video.webm]]

[[ATTACHMENT|authorization-Authorizatio-f1803-k-status-to-bypass-workflow-chromium\error-context.md]]
]]>
</system-out>
<error message="Cannot read properties of undefined (reading &apos;email&apos;)" type="TypeError">
<![CDATA[  [chromium] › authorization.spec.ts:179:3 › Authorization Security › staff cannot modify task status to bypass workflow 

    TypeError: Cannot read properties of undefined (reading 'email')

      178 |
      179 |   test("staff cannot modify task status to bypass workflow", async ({ page }) => {
    > 180 |     await testUtils.login(page, TEST_ACCOUNTS.STAFF1.email, TEST_ACCOUNTS.STAFF1.password);
          |                                                      ^
      181 |
      182 |     await page.goto("/tasks");
      183 |     await page.waitForLoadState("networkidle");
        at C:\TaskAm-main\TaskAm-main\tests\e2e\authorization.spec.ts:180:54

    attachment #1: screenshot (image/png) ──────────────────────────────────────────────────────────
    ..\..\test-results\authorization-Authorizatio-f1803-k-status-to-bypass-workflow-chromium\test-failed-1.png
    ────────────────────────────────────────────────────────────────────────────────────────────────

    attachment #2: video (video/webm) ──────────────────────────────────────────────────────────────
    ..\..\test-results\authorization-Authorizatio-f1803-k-status-to-bypass-workflow-chromium\video.webm
    ────────────────────────────────────────────────────────────────────────────────────────────────

    Error Context: ..\..\test-results\authorization-Authorizatio-f1803-k-status-to-bypass-workflow-chromium\error-context.md
]]>
</error>
</testcase>
</testsuite>
<testsuite name="performance.spec.ts" timestamp="2026-04-13T07:02:00.291Z" hostname="chromium" tests="6" failures="0" skipped="0" time="211.412" errors="6">
<testcase name="Query Performance › list tasks endpoint responds in &lt;2 seconds for 100+ tasks" classname="performance.spec.ts" time="37.92">
<system-out>
<![CDATA[
[[ATTACHMENT|performance-Query-Performa-a7524--in-2-seconds-for-100-tasks-chromium\test-failed-1.png]]

[[ATTACHMENT|performance-Query-Performa-a7524--in-2-seconds-for-100-tasks-chromium\video.webm]]

[[ATTACHMENT|performance-Query-Performa-a7524--in-2-seconds-for-100-tasks-chromium\error-context.md]]
]]>
</system-out>
<error message="Test timeout of 30000ms exceeded." type="Error">
<![CDATA[  [chromium] › performance.spec.ts:11:3 › Query Performance › list tasks endpoint responds in <2 seconds for 100+ tasks 

    Test timeout of 30000ms exceeded.

    Error: page.fill: Test timeout of 30000ms exceeded.
    Call log:
      - waiting for locator('input[type="email"]')


       at fixtures.ts:84

      82 |   async login(page: Page, email: string, password: string) {
      83 |     await page.goto("/");
    > 84 |     await page.fill('input[type="email"]', email);
         |                ^
      85 |     await page.fill('input[type="password"]', password);
      86 |     await page.click('button[type="submit"]');
      87 |     await page.waitForURL("**/dashboard", { timeout: 10000 });
        at Object.login (C:\TaskAm-main\TaskAm-main\tests\e2e\fixtures.ts:84:16)
        at C:\TaskAm-main\TaskAm-main\tests\e2e\performance.spec.ts:12:5

    attachment #1: screenshot (image/png) ──────────────────────────────────────────────────────────
    ..\..\test-results\performance-Query-Performa-a7524--in-2-seconds-for-100-tasks-chromium\test-failed-1.png
    ────────────────────────────────────────────────────────────────────────────────────────────────

    attachment #2: video (video/webm) ──────────────────────────────────────────────────────────────
    ..\..\test-results\performance-Query-Performa-a7524--in-2-seconds-for-100-tasks-chromium\video.webm
    ────────────────────────────────────────────────────────────────────────────────────────────────

    Error Context: ..\..\test-results\performance-Query-Performa-a7524--in-2-seconds-for-100-tasks-chromium\error-context.md
]]>
</error>
</testcase>
<testcase name="Query Performance › filtered tasks query uses indexes (no full-collection scan)" classname="performance.spec.ts" time="37.79">
<system-out>
<![CDATA[
[[ATTACHMENT|performance-Query-Performa-baa16-es-no-full-collection-scan--chromium\test-failed-1.png]]

[[ATTACHMENT|performance-Query-Performa-baa16-es-no-full-collection-scan--chromium\video.webm]]

[[ATTACHMENT|performance-Query-Performa-baa16-es-no-full-collection-scan--chromium\error-context.md]]
]]>
</system-out>
<error message="Test timeout of 30000ms exceeded." type="Error">
<![CDATA[  [chromium] › performance.spec.ts:33:3 › Query Performance › filtered tasks query uses indexes (no full-collection scan) 

    Test timeout of 30000ms exceeded.

    Error: page.fill: Test timeout of 30000ms exceeded.
    Call log:
      - waiting for locator('input[type="email"]')


       at fixtures.ts:84

      82 |   async login(page: Page, email: string, password: string) {
      83 |     await page.goto("/");
    > 84 |     await page.fill('input[type="email"]', email);
         |                ^
      85 |     await page.fill('input[type="password"]', password);
      86 |     await page.click('button[type="submit"]');
      87 |     await page.waitForURL("**/dashboard", { timeout: 10000 });
        at Object.login (C:\TaskAm-main\TaskAm-main\tests\e2e\fixtures.ts:84:16)
        at C:\TaskAm-main\TaskAm-main\tests\e2e\performance.spec.ts:34:5

    attachment #1: screenshot (image/png) ──────────────────────────────────────────────────────────
    ..\..\test-results\performance-Query-Performa-baa16-es-no-full-collection-scan--chromium\test-failed-1.png
    ────────────────────────────────────────────────────────────────────────────────────────────────

    attachment #2: video (video/webm) ──────────────────────────────────────────────────────────────
    ..\..\test-results\performance-Query-Performa-baa16-es-no-full-collection-scan--chromium\video.webm
    ────────────────────────────────────────────────────────────────────────────────────────────────

    Error Context: ..\..\test-results\performance-Query-Performa-baa16-es-no-full-collection-scan--chromium\error-context.md
]]>
</error>
</testcase>
<testcase name="Query Performance › pagination works correctly on task list" classname="performance.spec.ts" time="38.07">
<system-out>
<![CDATA[
[[ATTACHMENT|performance-Query-Performa-39974-orks-correctly-on-task-list-chromium\test-failed-1.png]]

[[ATTACHMENT|performance-Query-Performa-39974-orks-correctly-on-task-list-chromium\video.webm]]

[[ATTACHMENT|performance-Query-Performa-39974-orks-correctly-on-task-list-chromium\error-context.md]]
]]>
</system-out>
<error message="Test timeout of 30000ms exceeded." type="Error">
<![CDATA[  [chromium] › performance.spec.ts:67:3 › Query Performance › pagination works correctly on task list 

    Test timeout of 30000ms exceeded.

    Error: page.fill: Test timeout of 30000ms exceeded.
    Call log:
      - waiting for locator('input[type="email"]')


       at fixtures.ts:84

      82 |   async login(page: Page, email: string, password: string) {
      83 |     await page.goto("/");
    > 84 |     await page.fill('input[type="email"]', email);
         |                ^
      85 |     await page.fill('input[type="password"]', password);
      86 |     await page.click('button[type="submit"]');
      87 |     await page.waitForURL("**/dashboard", { timeout: 10000 });
        at Object.login (C:\TaskAm-main\TaskAm-main\tests\e2e\fixtures.ts:84:16)
        at C:\TaskAm-main\TaskAm-main\tests\e2e\performance.spec.ts:68:5

    attachment #1: screenshot (image/png) ──────────────────────────────────────────────────────────
    ..\..\test-results\performance-Query-Performa-39974-orks-correctly-on-task-list-chromium\test-failed-1.png
    ────────────────────────────────────────────────────────────────────────────────────────────────

    attachment #2: video (video/webm) ──────────────────────────────────────────────────────────────
    ..\..\test-results\performance-Query-Performa-39974-orks-correctly-on-task-list-chromium\video.webm
    ────────────────────────────────────────────────────────────────────────────────────────────────

    Error Context: ..\..\test-results\performance-Query-Performa-39974-orks-correctly-on-task-list-chromium\error-context.md
]]>
</error>
</testcase>
<testcase name="Query Performance › tasks by status filter uses index efficiently" classname="performance.spec.ts" time="32.485">
<system-out>
<![CDATA[
[[ATTACHMENT|performance-Query-Performa-e2d57-lter-uses-index-efficiently-chromium\test-failed-1.png]]

[[ATTACHMENT|performance-Query-Performa-e2d57-lter-uses-index-efficiently-chromium\video.webm]]

[[ATTACHMENT|performance-Query-Performa-e2d57-lter-uses-index-efficiently-chromium\error-context.md]]
]]>
</system-out>
<error message="Test timeout of 30000ms exceeded." type="Error">
<![CDATA[  [chromium] › performance.spec.ts:111:3 › Query Performance › tasks by status filter uses index efficiently 

    Test timeout of 30000ms exceeded.

    Error: page.fill: Test timeout of 30000ms exceeded.
    Call log:
      - waiting for locator('input[type="email"]')


       at fixtures.ts:84

      82 |   async login(page: Page, email: string, password: string) {
      83 |     await page.goto("/");
    > 84 |     await page.fill('input[type="email"]', email);
         |                ^
      85 |     await page.fill('input[type="password"]', password);
      86 |     await page.click('button[type="submit"]');
      87 |     await page.waitForURL("**/dashboard", { timeout: 10000 });
        at Object.login (C:\TaskAm-main\TaskAm-main\tests\e2e\fixtures.ts:84:16)
        at C:\TaskAm-main\TaskAm-main\tests\e2e\performance.spec.ts:112:5

    attachment #1: screenshot (image/png) ──────────────────────────────────────────────────────────
    ..\..\test-results\performance-Query-Performa-e2d57-lter-uses-index-efficiently-chromium\test-failed-1.png
    ────────────────────────────────────────────────────────────────────────────────────────────────

    attachment #2: video (video/webm) ──────────────────────────────────────────────────────────────
    ..\..\test-results\performance-Query-Performa-e2d57-lter-uses-index-efficiently-chromium\video.webm
    ────────────────────────────────────────────────────────────────────────────────────────────────

    Error Context: ..\..\test-results\performance-Query-Performa-e2d57-lter-uses-index-efficiently-chromium\error-context.md
]]>
</error>
</testcase>
<testcase name="Query Performance › priority filter works with indexed query" classname="performance.spec.ts" time="32.665">
<system-out>
<![CDATA[
[[ATTACHMENT|performance-Query-Performa-67aad-er-works-with-indexed-query-chromium\test-failed-1.png]]

[[ATTACHMENT|performance-Query-Performa-67aad-er-works-with-indexed-query-chromium\video.webm]]

[[ATTACHMENT|performance-Query-Performa-67aad-er-works-with-indexed-query-chromium\error-context.md]]
]]>
</system-out>
<error message="Test timeout of 30000ms exceeded." type="Error">
<![CDATA[  [chromium] › performance.spec.ts:141:3 › Query Performance › priority filter works with indexed query 

    Test timeout of 30000ms exceeded.

    Error: page.fill: Test timeout of 30000ms exceeded.
    Call log:
      - waiting for locator('input[type="email"]')


       at fixtures.ts:84

      82 |   async login(page: Page, email: string, password: string) {
      83 |     await page.goto("/");
    > 84 |     await page.fill('input[type="email"]', email);
         |                ^
      85 |     await page.fill('input[type="password"]', password);
      86 |     await page.click('button[type="submit"]');
      87 |     await page.waitForURL("**/dashboard", { timeout: 10000 });
        at Object.login (C:\TaskAm-main\TaskAm-main\tests\e2e\fixtures.ts:84:16)
        at C:\TaskAm-main\TaskAm-main\tests\e2e\performance.spec.ts:142:5

    attachment #1: screenshot (image/png) ──────────────────────────────────────────────────────────
    ..\..\test-results\performance-Query-Performa-67aad-er-works-with-indexed-query-chromium\test-failed-1.png
    ────────────────────────────────────────────────────────────────────────────────────────────────

    attachment #2: video (video/webm) ──────────────────────────────────────────────────────────────
    ..\..\test-results\performance-Query-Performa-67aad-er-works-with-indexed-query-chromium\video.webm
    ────────────────────────────────────────────────────────────────────────────────────────────────

    Error Context: ..\..\test-results\performance-Query-Performa-67aad-er-works-with-indexed-query-chromium\error-context.md
]]>
</error>
</testcase>
<testcase name="Query Performance › date range filter works efficiently" classname="performance.spec.ts" time="32.482">
<system-out>
<![CDATA[
[[ATTACHMENT|performance-Query-Performa-4e81b-ge-filter-works-efficiently-chromium\test-failed-1.png]]

[[ATTACHMENT|performance-Query-Performa-4e81b-ge-filter-works-efficiently-chromium\video.webm]]

[[ATTACHMENT|performance-Query-Performa-4e81b-ge-filter-works-efficiently-chromium\error-context.md]]
]]>
</system-out>
<error message="Test timeout of 30000ms exceeded." type="Error">
<![CDATA[  [chromium] › performance.spec.ts:171:3 › Query Performance › date range filter works efficiently ─

    Test timeout of 30000ms exceeded.

    Error: page.fill: Test timeout of 30000ms exceeded.
    Call log:
      - waiting for locator('input[type="email"]')


       at fixtures.ts:84

      82 |   async login(page: Page, email: string, password: string) {
      83 |     await page.goto("/");
    > 84 |     await page.fill('input[type="email"]', email);
         |                ^
      85 |     await page.fill('input[type="password"]', password);
      86 |     await page.click('button[type="submit"]');
      87 |     await page.waitForURL("**/dashboard", { timeout: 10000 });
        at Object.login (C:\TaskAm-main\TaskAm-main\tests\e2e\fixtures.ts:84:16)
        at C:\TaskAm-main\TaskAm-main\tests\e2e\performance.spec.ts:172:5

    attachment #1: screenshot (image/png) ──────────────────────────────────────────────────────────
    ..\..\test-results\performance-Query-Performa-4e81b-ge-filter-works-efficiently-chromium\test-failed-1.png
    ────────────────────────────────────────────────────────────────────────────────────────────────

    attachment #2: video (video/webm) ──────────────────────────────────────────────────────────────
    ..\..\test-results\performance-Query-Performa-4e81b-ge-filter-works-efficiently-chromium\video.webm
    ────────────────────────────────────────────────────────────────────────────────────────────────

    Error Context: ..\..\test-results\performance-Query-Performa-4e81b-ge-filter-works-efficiently-chromium\error-context.md
]]>
</error>
</testcase>
</testsuite>
<testsuite name="tasks.spec.ts" timestamp="2026-04-13T07:02:00.291Z" hostname="chromium" tests="7" failures="0" skipped="0" time="234.181" errors="7">
<testcase name="Task Management › should create a new task" classname="tasks.spec.ts" time="33.267">
<system-out>
<![CDATA[
[[ATTACHMENT|tasks-Task-Management-should-create-a-new-task-chromium\test-failed-1.png]]

[[ATTACHMENT|tasks-Task-Management-should-create-a-new-task-chromium\video.webm]]

[[ATTACHMENT|tasks-Task-Management-should-create-a-new-task-chromium\error-context.md]]
]]>
</system-out>
<error message="Test timeout of 30000ms exceeded while running &quot;beforeEach&quot; hook." type="Error">
<![CDATA[  [chromium] › tasks.spec.ts:14:3 › Task Management › should create a new task ─────────────────────

    Test timeout of 30000ms exceeded while running "beforeEach" hook.

       7 |
       8 | test.describe("Task Management", () => {
    >  9 |   test.beforeEach(async ({ authenticatedPage }) => {
         |        ^
      10 |     // Start at dashboard
      11 |     await authenticatedPage.goto("/dashboard");
      12 |   });
        at C:\TaskAm-main\TaskAm-main\tests\e2e\tasks.spec.ts:9:8

    Error: page.fill: Test timeout of 30000ms exceeded.
    Call log:
      - waiting for locator('input[type="email"]')


       at fixtures.ts:49

      47 |     if (!isLoggedIn) {
      48 |       // Log in as admin
    > 49 |       await page.fill('input[type="email"]', TEST_ACCOUNTS.ADMIN.email);
         |                  ^
      50 |       await page.fill('input[type="password"]', TEST_ACCOUNTS.ADMIN.password);
      51 |       await page.click('button[type="submit"]');
      52 |
        at Object.authenticatedPage (C:\TaskAm-main\TaskAm-main\tests\e2e\fixtures.ts:49:18)

    attachment #1: screenshot (image/png) ──────────────────────────────────────────────────────────
    ..\..\test-results\tasks-Task-Management-should-create-a-new-task-chromium\test-failed-1.png
    ────────────────────────────────────────────────────────────────────────────────────────────────

    attachment #2: video (video/webm) ──────────────────────────────────────────────────────────────
    ..\..\test-results\tasks-Task-Management-should-create-a-new-task-chromium\video.webm
    ────────────────────────────────────────────────────────────────────────────────────────────────

    Error Context: ..\..\test-results\tasks-Task-Management-should-create-a-new-task-chromium\error-context.md
]]>
</error>
</testcase>
<testcase name="Task Management › should display file upload for task" classname="tasks.spec.ts" time="33.297">
<system-out>
<![CDATA[
[[ATTACHMENT|tasks-Task-Management-should-display-file-upload-for-task-chromium\test-failed-1.png]]

[[ATTACHMENT|tasks-Task-Management-should-display-file-upload-for-task-chromium\video.webm]]

[[ATTACHMENT|tasks-Task-Management-should-display-file-upload-for-task-chromium\error-context.md]]
]]>
</system-out>
<error message="Test timeout of 30000ms exceeded while running &quot;beforeEach&quot; hook." type="Error">
<![CDATA[  [chromium] › tasks.spec.ts:41:3 › Task Management › should display file upload for task ──────────

    Test timeout of 30000ms exceeded while running "beforeEach" hook.

       7 |
       8 | test.describe("Task Management", () => {
    >  9 |   test.beforeEach(async ({ authenticatedPage }) => {
         |        ^
      10 |     // Start at dashboard
      11 |     await authenticatedPage.goto("/dashboard");
      12 |   });
        at C:\TaskAm-main\TaskAm-main\tests\e2e\tasks.spec.ts:9:8

    Error: page.fill: Test timeout of 30000ms exceeded.
    Call log:
      - waiting for locator('input[type="email"]')


       at fixtures.ts:49

      47 |     if (!isLoggedIn) {
      48 |       // Log in as admin
    > 49 |       await page.fill('input[type="email"]', TEST_ACCOUNTS.ADMIN.email);
         |                  ^
      50 |       await page.fill('input[type="password"]', TEST_ACCOUNTS.ADMIN.password);
      51 |       await page.click('button[type="submit"]');
      52 |
        at Object.authenticatedPage (C:\TaskAm-main\TaskAm-main\tests\e2e\fixtures.ts:49:18)

    attachment #1: screenshot (image/png) ──────────────────────────────────────────────────────────
    ..\..\test-results\tasks-Task-Management-should-display-file-upload-for-task-chromium\test-failed-1.png
    ────────────────────────────────────────────────────────────────────────────────────────────────

    attachment #2: video (video/webm) ──────────────────────────────────────────────────────────────
    ..\..\test-results\tasks-Task-Management-should-display-file-upload-for-task-chromium\video.webm
    ────────────────────────────────────────────────────────────────────────────────────────────────

    Error Context: ..\..\test-results\tasks-Task-Management-should-display-file-upload-for-task-chromium\error-context.md
]]>
</error>
</testcase>
<testcase name="Task Management › should enforce authorization on file download" classname="tasks.spec.ts" time="33.138">
<system-out>
<![CDATA[
[[ATTACHMENT|tasks-Task-Management-shou-d8aa3-horization-on-file-download-chromium\test-failed-1.png]]

[[ATTACHMENT|tasks-Task-Management-shou-d8aa3-horization-on-file-download-chromium\video.webm]]

[[ATTACHMENT|tasks-Task-Management-shou-d8aa3-horization-on-file-download-chromium\error-context.md]]
]]>
</system-out>
<error message="Test timeout of 30000ms exceeded while running &quot;beforeEach&quot; hook." type="Error">
<![CDATA[  [chromium] › tasks.spec.ts:58:3 › Task Management › should enforce authorization on file download 

    Test timeout of 30000ms exceeded while running "beforeEach" hook.

       7 |
       8 | test.describe("Task Management", () => {
    >  9 |   test.beforeEach(async ({ authenticatedPage }) => {
         |        ^
      10 |     // Start at dashboard
      11 |     await authenticatedPage.goto("/dashboard");
      12 |   });
        at C:\TaskAm-main\TaskAm-main\tests\e2e\tasks.spec.ts:9:8

    Error: page.fill: Test timeout of 30000ms exceeded.
    Call log:
      - waiting for locator('input[type="email"]')


       at fixtures.ts:49

      47 |     if (!isLoggedIn) {
      48 |       // Log in as admin
    > 49 |       await page.fill('input[type="email"]', TEST_ACCOUNTS.ADMIN.email);
         |                  ^
      50 |       await page.fill('input[type="password"]', TEST_ACCOUNTS.ADMIN.password);
      51 |       await page.click('button[type="submit"]');
      52 |
        at Object.authenticatedPage (C:\TaskAm-main\TaskAm-main\tests\e2e\fixtures.ts:49:18)

    attachment #1: screenshot (image/png) ──────────────────────────────────────────────────────────
    ..\..\test-results\tasks-Task-Management-shou-d8aa3-horization-on-file-download-chromium\test-failed-1.png
    ────────────────────────────────────────────────────────────────────────────────────────────────

    attachment #2: video (video/webm) ──────────────────────────────────────────────────────────────
    ..\..\test-results\tasks-Task-Management-shou-d8aa3-horization-on-file-download-chromium\video.webm
    ────────────────────────────────────────────────────────────────────────────────────────────────

    Error Context: ..\..\test-results\tasks-Task-Management-shou-d8aa3-horization-on-file-download-chromium\error-context.md
]]>
</error>
</testcase>
<testcase name="Task Management › should track time entries for tasks" classname="tasks.spec.ts" time="33.688">
<system-out>
<![CDATA[
[[ATTACHMENT|tasks-Task-Management-should-track-time-entries-for-tasks-chromium\test-failed-1.png]]

[[ATTACHMENT|tasks-Task-Management-should-track-time-entries-for-tasks-chromium\video.webm]]

[[ATTACHMENT|tasks-Task-Management-should-track-time-entries-for-tasks-chromium\error-context.md]]
]]>
</system-out>
<error message="Test timeout of 30000ms exceeded while running &quot;beforeEach&quot; hook." type="Error">
<![CDATA[  [chromium] › tasks.spec.ts:80:3 › Task Management › should track time entries for tasks ──────────

    Test timeout of 30000ms exceeded while running "beforeEach" hook.

       7 |
       8 | test.describe("Task Management", () => {
    >  9 |   test.beforeEach(async ({ authenticatedPage }) => {
         |        ^
      10 |     // Start at dashboard
      11 |     await authenticatedPage.goto("/dashboard");
      12 |   });
        at C:\TaskAm-main\TaskAm-main\tests\e2e\tasks.spec.ts:9:8

    Error: page.fill: Test timeout of 30000ms exceeded.
    Call log:
      - waiting for locator('input[type="email"]')


       at fixtures.ts:49

      47 |     if (!isLoggedIn) {
      48 |       // Log in as admin
    > 49 |       await page.fill('input[type="email"]', TEST_ACCOUNTS.ADMIN.email);
         |                  ^
      50 |       await page.fill('input[type="password"]', TEST_ACCOUNTS.ADMIN.password);
      51 |       await page.click('button[type="submit"]');
      52 |
        at Object.authenticatedPage (C:\TaskAm-main\TaskAm-main\tests\e2e\fixtures.ts:49:18)

    attachment #1: screenshot (image/png) ──────────────────────────────────────────────────────────
    ..\..\test-results\tasks-Task-Management-should-track-time-entries-for-tasks-chromium\test-failed-1.png
    ────────────────────────────────────────────────────────────────────────────────────────────────

    attachment #2: video (video/webm) ──────────────────────────────────────────────────────────────
    ..\..\test-results\tasks-Task-Management-should-track-time-entries-for-tasks-chromium\video.webm
    ────────────────────────────────────────────────────────────────────────────────────────────────

    Error Context: ..\..\test-results\tasks-Task-Management-should-track-time-entries-for-tasks-chromium\error-context.md
]]>
</error>
</testcase>
<testcase name="Task Management › should assign tasks to users" classname="tasks.spec.ts" time="33.778">
<system-out>
<![CDATA[
[[ATTACHMENT|tasks-Task-Management-should-assign-tasks-to-users-chromium\test-failed-1.png]]

[[ATTACHMENT|tasks-Task-Management-should-assign-tasks-to-users-chromium\video.webm]]

[[ATTACHMENT|tasks-Task-Management-should-assign-tasks-to-users-chromium\error-context.md]]
]]>
</system-out>
<error message="Test timeout of 30000ms exceeded while running &quot;beforeEach&quot; hook." type="Error">
<![CDATA[  [chromium] › tasks.spec.ts:108:3 › Task Management › should assign tasks to users ────────────────

    Test timeout of 30000ms exceeded while running "beforeEach" hook.

       7 |
       8 | test.describe("Task Management", () => {
    >  9 |   test.beforeEach(async ({ authenticatedPage }) => {
         |        ^
      10 |     // Start at dashboard
      11 |     await authenticatedPage.goto("/dashboard");
      12 |   });
        at C:\TaskAm-main\TaskAm-main\tests\e2e\tasks.spec.ts:9:8

    Error: page.fill: Test timeout of 30000ms exceeded.
    Call log:
      - waiting for locator('input[type="email"]')


       at fixtures.ts:49

      47 |     if (!isLoggedIn) {
      48 |       // Log in as admin
    > 49 |       await page.fill('input[type="email"]', TEST_ACCOUNTS.ADMIN.email);
         |                  ^
      50 |       await page.fill('input[type="password"]', TEST_ACCOUNTS.ADMIN.password);
      51 |       await page.click('button[type="submit"]');
      52 |
        at Object.authenticatedPage (C:\TaskAm-main\TaskAm-main\tests\e2e\fixtures.ts:49:18)

    attachment #1: screenshot (image/png) ──────────────────────────────────────────────────────────
    ..\..\test-results\tasks-Task-Management-should-assign-tasks-to-users-chromium\test-failed-1.png
    ────────────────────────────────────────────────────────────────────────────────────────────────

    attachment #2: video (video/webm) ──────────────────────────────────────────────────────────────
    ..\..\test-results\tasks-Task-Management-should-assign-tasks-to-users-chromium\video.webm
    ────────────────────────────────────────────────────────────────────────────────────────────────

    Error Context: ..\..\test-results\tasks-Task-Management-should-assign-tasks-to-users-chromium\error-context.md
]]>
</error>
</testcase>
<testcase name="Task Management › should prevent unauthorized access to restricted tasks" classname="tasks.spec.ts" time="33.624">
<system-out>
<![CDATA[
[[ATTACHMENT|tasks-Task-Management-shou-4f4c5--access-to-restricted-tasks-chromium\test-failed-1.png]]

[[ATTACHMENT|tasks-Task-Management-shou-4f4c5--access-to-restricted-tasks-chromium\video.webm]]

[[ATTACHMENT|tasks-Task-Management-shou-4f4c5--access-to-restricted-tasks-chromium\error-context.md]]
]]>
</system-out>
<error message="Test timeout of 30000ms exceeded while running &quot;beforeEach&quot; hook." type="Error">
<![CDATA[  [chromium] › tasks.spec.ts:133:3 › Task Management › should prevent unauthorized access to restricted tasks 

    Test timeout of 30000ms exceeded while running "beforeEach" hook.

       7 |
       8 | test.describe("Task Management", () => {
    >  9 |   test.beforeEach(async ({ authenticatedPage }) => {
         |        ^
      10 |     // Start at dashboard
      11 |     await authenticatedPage.goto("/dashboard");
      12 |   });
        at C:\TaskAm-main\TaskAm-main\tests\e2e\tasks.spec.ts:9:8

    Error: page.fill: Test timeout of 30000ms exceeded.
    Call log:
      - waiting for locator('input[type="email"]')


       at fixtures.ts:49

      47 |     if (!isLoggedIn) {
      48 |       // Log in as admin
    > 49 |       await page.fill('input[type="email"]', TEST_ACCOUNTS.ADMIN.email);
         |                  ^
      50 |       await page.fill('input[type="password"]', TEST_ACCOUNTS.ADMIN.password);
      51 |       await page.click('button[type="submit"]');
      52 |
        at Object.authenticatedPage (C:\TaskAm-main\TaskAm-main\tests\e2e\fixtures.ts:49:18)

    attachment #1: screenshot (image/png) ──────────────────────────────────────────────────────────
    ..\..\test-results\tasks-Task-Management-shou-4f4c5--access-to-restricted-tasks-chromium\test-failed-1.png
    ────────────────────────────────────────────────────────────────────────────────────────────────

    attachment #2: video (video/webm) ──────────────────────────────────────────────────────────────
    ..\..\test-results\tasks-Task-Management-shou-4f4c5--access-to-restricted-tasks-chromium\video.webm
    ────────────────────────────────────────────────────────────────────────────────────────────────

    Error Context: ..\..\test-results\tasks-Task-Management-shou-4f4c5--access-to-restricted-tasks-chromium\error-context.md
]]>
</error>
</testcase>
<testcase name="Task Management › should validate task form inputs" classname="tasks.spec.ts" time="33.389">
<system-out>
<![CDATA[
[[ATTACHMENT|tasks-Task-Management-should-validate-task-form-inputs-chromium\test-failed-1.png]]

[[ATTACHMENT|tasks-Task-Management-should-validate-task-form-inputs-chromium\video.webm]]

[[ATTACHMENT|tasks-Task-Management-should-validate-task-form-inputs-chromium\error-context.md]]
]]>
</system-out>
<error message="Test timeout of 30000ms exceeded while running &quot;beforeEach&quot; hook." type="Error">
<![CDATA[  [chromium] › tasks.spec.ts:151:3 › Task Management › should validate task form inputs ────────────

    Test timeout of 30000ms exceeded while running "beforeEach" hook.

       7 |
       8 | test.describe("Task Management", () => {
    >  9 |   test.beforeEach(async ({ authenticatedPage }) => {
         |        ^
      10 |     // Start at dashboard
      11 |     await authenticatedPage.goto("/dashboard");
      12 |   });
        at C:\TaskAm-main\TaskAm-main\tests\e2e\tasks.spec.ts:9:8

    Error: page.fill: Test timeout of 30000ms exceeded.
    Call log:
      - waiting for locator('input[type="email"]')


       at fixtures.ts:49

      47 |     if (!isLoggedIn) {
      48 |       // Log in as admin
    > 49 |       await page.fill('input[type="email"]', TEST_ACCOUNTS.ADMIN.email);
         |                  ^
      50 |       await page.fill('input[type="password"]', TEST_ACCOUNTS.ADMIN.password);
      51 |       await page.click('button[type="submit"]');
      52 |
        at Object.authenticatedPage (C:\TaskAm-main\TaskAm-main\tests\e2e\fixtures.ts:49:18)

    attachment #1: screenshot (image/png) ──────────────────────────────────────────────────────────
    ..\..\test-results\tasks-Task-Management-should-validate-task-form-inputs-chromium\test-failed-1.png
    ────────────────────────────────────────────────────────────────────────────────────────────────

    attachment #2: video (video/webm) ──────────────────────────────────────────────────────────────
    ..\..\test-results\tasks-Task-Management-should-validate-task-form-inputs-chromium\video.webm
    ────────────────────────────────────────────────────────────────────────────────────────────────

    Error Context: ..\..\test-results\tasks-Task-Management-should-validate-task-form-inputs-chromium\error-context.md
]]>
</error>
</testcase>
</testsuite>
<testsuite name="auth.spec.ts" timestamp="2026-04-13T07:02:00.291Z" hostname="firefox" tests="7" failures="0" skipped="0" time="0.054" errors="7">
<testcase name="Authentication › should login with valid credentials" classname="auth.spec.ts" time="0.013">
<system-out>
<![CDATA[
[[ATTACHMENT|auth-Authentication-should-login-with-valid-credentials-firefox\error-context.md]]
]]>
</system-out>
<error message="browserType.launch: Executable doesn&apos;t exist at C:\Users\menum\AppData\Local\ms-playwright\firefox-1511\firefox\firefox.exe" type="Error">
<![CDATA[  [firefox] › auth.spec.ts:9:3 › Authentication › should login with valid credentials ──────────────

    Error: browserType.launch: Executable doesn't exist at C:\Users\menum\AppData\Local\ms-playwright\firefox-1511\firefox\firefox.exe
    ╔════════════════════════════════════════════════════════════╗
    ║ Looks like Playwright was just installed or updated.       ║
    ║ Please run the following command to download new browsers: ║
    ║                                                            ║
    ║     npx playwright install                                 ║
    ║                                                            ║
    ║ <3 Playwright Team                                         ║
    ╚════════════════════════════════════════════════════════════╝

    Error Context: ..\..\test-results\auth-Authentication-should-login-with-valid-credentials-firefox\error-context.md
]]>
</error>
</testcase>
<testcase name="Authentication › should reject invalid credentials" classname="auth.spec.ts" time="0.012">
<system-out>
<![CDATA[
[[ATTACHMENT|auth-Authentication-should-reject-invalid-credentials-firefox\error-context.md]]
]]>
</system-out>
<error message="browserType.launch: Executable doesn&apos;t exist at C:\Users\menum\AppData\Local\ms-playwright\firefox-1511\firefox\firefox.exe" type="Error">
<![CDATA[  [firefox] › auth.spec.ts:31:3 › Authentication › should reject invalid credentials ───────────────

    Error: browserType.launch: Executable doesn't exist at C:\Users\menum\AppData\Local\ms-playwright\firefox-1511\firefox\firefox.exe
    ╔════════════════════════════════════════════════════════════╗
    ║ Looks like Playwright was just installed or updated.       ║
    ║ Please run the following command to download new browsers: ║
    ║                                                            ║
    ║     npx playwright install                                 ║
    ║                                                            ║
    ║ <3 Playwright Team                                         ║
    ╚════════════════════════════════════════════════════════════╝

    Error Context: ..\..\test-results\auth-Authentication-should-reject-invalid-credentials-firefox\error-context.md
]]>
</error>
</testcase>
<testcase name="Authentication › should store user profile in session" classname="auth.spec.ts" time="0.006">
<system-out>
<![CDATA[
[[ATTACHMENT|auth-Authentication-should-store-user-profile-in-session-firefox\error-context.md]]
]]>
</system-out>
<error message="browserType.launch: Executable doesn&apos;t exist at C:\Users\menum\AppData\Local\ms-playwright\firefox-1511\firefox\firefox.exe" type="Error">
<![CDATA[  [firefox] › auth.spec.ts:44:3 › Authentication › should store user profile in session ────────────

    Error: browserType.launch: Executable doesn't exist at C:\Users\menum\AppData\Local\ms-playwright\firefox-1511\firefox\firefox.exe
    ╔════════════════════════════════════════════════════════════╗
    ║ Looks like Playwright was just installed or updated.       ║
    ║ Please run the following command to download new browsers: ║
    ║                                                            ║
    ║     npx playwright install                                 ║
    ║                                                            ║
    ║ <3 Playwright Team                                         ║
    ╚════════════════════════════════════════════════════════════╝

    Error Context: ..\..\test-results\auth-Authentication-should-store-user-profile-in-session-firefox\error-context.md
]]>
</error>
</testcase>
<testcase name="Authentication › should persist session on page reload" classname="auth.spec.ts" time="0.005">
<system-out>
<![CDATA[
[[ATTACHMENT|auth-Authentication-should-persist-session-on-page-reload-firefox\error-context.md]]
]]>
</system-out>
<error message="browserType.launch: Executable doesn&apos;t exist at C:\Users\menum\AppData\Local\ms-playwright\firefox-1511\firefox\firefox.exe" type="Error">
<![CDATA[  [firefox] › auth.spec.ts:57:3 › Authentication › should persist session on page reload ───────────

    Error: browserType.launch: Executable doesn't exist at C:\Users\menum\AppData\Local\ms-playwright\firefox-1511\firefox\firefox.exe
    ╔════════════════════════════════════════════════════════════╗
    ║ Looks like Playwright was just installed or updated.       ║
    ║ Please run the following command to download new browsers: ║
    ║                                                            ║
    ║     npx playwright install                                 ║
    ║                                                            ║
    ║ <3 Playwright Team                                         ║
    ╚════════════════════════════════════════════════════════════╝

    Error Context: ..\..\test-results\auth-Authentication-should-persist-session-on-page-reload-firefox\error-context.md
]]>
</error>
</testcase>
<testcase name="Authentication › should logout successfully" classname="auth.spec.ts" time="0.006">
<system-out>
<![CDATA[
[[ATTACHMENT|auth-Authentication-should-logout-successfully-firefox\error-context.md]]
]]>
</system-out>
<error message="browserType.launch: Executable doesn&apos;t exist at C:\Users\menum\AppData\Local\ms-playwright\firefox-1511\firefox\firefox.exe" type="Error">
<![CDATA[  [firefox] › auth.spec.ts:73:3 › Authentication › should logout successfully ──────────────────────

    Error: browserType.launch: Executable doesn't exist at C:\Users\menum\AppData\Local\ms-playwright\firefox-1511\firefox\firefox.exe
    ╔════════════════════════════════════════════════════════════╗
    ║ Looks like Playwright was just installed or updated.       ║
    ║ Please run the following command to download new browsers: ║
    ║                                                            ║
    ║     npx playwright install                                 ║
    ║                                                            ║
    ║ <3 Playwright Team                                         ║
    ╚════════════════════════════════════════════════════════════╝

    Error Context: ..\..\test-results\auth-Authentication-should-logout-successfully-firefox\error-context.md
]]>
</error>
</testcase>
<testcase name="Authentication › should require reauthentication for password change" classname="auth.spec.ts" time="0.006">
<system-out>
<![CDATA[
[[ATTACHMENT|auth-Authentication-should-64df4-ication-for-password-change-firefox\error-context.md]]
]]>
</system-out>
<error message="browserType.launch: Executable doesn&apos;t exist at C:\Users\menum\AppData\Local\ms-playwright\firefox-1511\firefox\firefox.exe" type="Error">
<![CDATA[  [firefox] › auth.spec.ts:89:3 › Authentication › should require reauthentication for password change 

    Error: browserType.launch: Executable doesn't exist at C:\Users\menum\AppData\Local\ms-playwright\firefox-1511\firefox\firefox.exe
    ╔════════════════════════════════════════════════════════════╗
    ║ Looks like Playwright was just installed or updated.       ║
    ║ Please run the following command to download new browsers: ║
    ║                                                            ║
    ║     npx playwright install                                 ║
    ║                                                            ║
    ║ <3 Playwright Team                                         ║
    ╚════════════════════════════════════════════════════════════╝

    Error Context: ..\..\test-results\auth-Authentication-should-64df4-ication-for-password-change-firefox\error-context.md
]]>
</error>
</testcase>
<testcase name="Authentication › should enforce password complexity requirements" classname="auth.spec.ts" time="0.006">
<system-out>
<![CDATA[
[[ATTACHMENT|auth-Authentication-should-6d030-ord-complexity-requirements-firefox\error-context.md]]
]]>
</system-out>
<error message="browserType.launch: Executable doesn&apos;t exist at C:\Users\menum\AppData\Local\ms-playwright\firefox-1511\firefox\firefox.exe" type="Error">
<![CDATA[  [firefox] › auth.spec.ts:113:3 › Authentication › should enforce password complexity requirements 

    Error: browserType.launch: Executable doesn't exist at C:\Users\menum\AppData\Local\ms-playwright\firefox-1511\firefox\firefox.exe
    ╔════════════════════════════════════════════════════════════╗
    ║ Looks like Playwright was just installed or updated.       ║
    ║ Please run the following command to download new browsers: ║
    ║                                                            ║
    ║     npx playwright install                                 ║
    ║                                                            ║
    ║ <3 Playwright Team                                         ║
    ╚════════════════════════════════════════════════════════════╝

    Error Context: ..\..\test-results\auth-Authentication-should-6d030-ord-complexity-requirements-firefox\error-context.md
]]>
</error>
</testcase>
</testsuite>
<testsuite name="authorization.spec.ts" timestamp="2026-04-13T07:02:00.291Z" hostname="firefox" tests="5" failures="0" skipped="0" time="0.031" errors="5">
<testcase name="Authorization Security › staff user cannot see other staff tasks" classname="authorization.spec.ts" time="0.006">
<system-out>
<![CDATA[
[[ATTACHMENT|authorization-Authorizatio-06b84-annot-see-other-staff-tasks-firefox\error-context.md]]
]]>
</system-out>
<error message="browserType.launch: Executable doesn&apos;t exist at C:\Users\menum\AppData\Local\ms-playwright\firefox-1511\firefox\firefox.exe" type="Error">
<![CDATA[  [firefox] › authorization.spec.ts:11:3 › Authorization Security › staff user cannot see other staff tasks 

    Error: browserType.launch: Executable doesn't exist at C:\Users\menum\AppData\Local\ms-playwright\firefox-1511\firefox\firefox.exe
    ╔════════════════════════════════════════════════════════════╗
    ║ Looks like Playwright was just installed or updated.       ║
    ║ Please run the following command to download new browsers: ║
    ║                                                            ║
    ║     npx playwright install                                 ║
    ║                                                            ║
    ║ <3 Playwright Team                                         ║
    ╚════════════════════════════════════════════════════════════╝

    Error Context: ..\..\test-results\authorization-Authorizatio-06b84-annot-see-other-staff-tasks-firefox\error-context.md
]]>
</error>
</testcase>
<testcase name="Authorization Security › admin can see all tasks" classname="authorization.spec.ts" time="0.006">
<system-out>
<![CDATA[
[[ATTACHMENT|authorization-Authorization-Security-admin-can-see-all-tasks-firefox\error-context.md]]
]]>
</system-out>
<error message="browserType.launch: Executable doesn&apos;t exist at C:\Users\menum\AppData\Local\ms-playwright\firefox-1511\firefox\firefox.exe" type="Error">
<![CDATA[  [firefox] › authorization.spec.ts:55:3 › Authorization Security › admin can see all tasks ────────

    Error: browserType.launch: Executable doesn't exist at C:\Users\menum\AppData\Local\ms-playwright\firefox-1511\firefox\firefox.exe
    ╔════════════════════════════════════════════════════════════╗
    ║ Looks like Playwright was just installed or updated.       ║
    ║ Please run the following command to download new browsers: ║
    ║                                                            ║
    ║     npx playwright install                                 ║
    ║                                                            ║
    ║ <3 Playwright Team                                         ║
    ╚════════════════════════════════════════════════════════════╝

    Error Context: ..\..\test-results\authorization-Authorization-Security-admin-can-see-all-tasks-firefox\error-context.md
]]>
</error>
</testcase>
<testcase name="Authorization Security › staff cannot delete other staff&apos;s time entries" classname="authorization.spec.ts" time="0.007">
<system-out>
<![CDATA[
[[ATTACHMENT|authorization-Authorizatio-21fed--other-staff-s-time-entries-firefox\error-context.md]]
]]>
</system-out>
<error message="browserType.launch: Executable doesn&apos;t exist at C:\Users\menum\AppData\Local\ms-playwright\firefox-1511\firefox\firefox.exe" type="Error">
<![CDATA[  [firefox] › authorization.spec.ts:76:3 › Authorization Security › staff cannot delete other staff's time entries 

    Error: browserType.launch: Executable doesn't exist at C:\Users\menum\AppData\Local\ms-playwright\firefox-1511\firefox\firefox.exe
    ╔════════════════════════════════════════════════════════════╗
    ║ Looks like Playwright was just installed or updated.       ║
    ║ Please run the following command to download new browsers: ║
    ║                                                            ║
    ║     npx playwright install                                 ║
    ║                                                            ║
    ║ <3 Playwright Team                                         ║
    ╚════════════════════════════════════════════════════════════╝

    Error Context: ..\..\test-results\authorization-Authorizatio-21fed--other-staff-s-time-entries-firefox\error-context.md
]]>
</error>
</testcase>
<testcase name="Authorization Security › file download requires authentication" classname="authorization.spec.ts" time="0.006">
<system-out>
<![CDATA[
[[ATTACHMENT|authorization-Authorizatio-49ff4-oad-requires-authentication-firefox\error-context.md]]
]]>
</system-out>
<error message="browserType.launch: Executable doesn&apos;t exist at C:\Users\menum\AppData\Local\ms-playwright\firefox-1511\firefox\firefox.exe" type="Error">
<![CDATA[  [firefox] › authorization.spec.ts:141:3 › Authorization Security › file download requires authentication 

    Error: browserType.launch: Executable doesn't exist at C:\Users\menum\AppData\Local\ms-playwright\firefox-1511\firefox\firefox.exe
    ╔════════════════════════════════════════════════════════════╗
    ║ Looks like Playwright was just installed or updated.       ║
    ║ Please run the following command to download new browsers: ║
    ║                                                            ║
    ║     npx playwright install                                 ║
    ║                                                            ║
    ║ <3 Playwright Team                                         ║
    ╚════════════════════════════════════════════════════════════╝

    Error Context: ..\..\test-results\authorization-Authorizatio-49ff4-oad-requires-authentication-firefox\error-context.md
]]>
</error>
</testcase>
<testcase name="Authorization Security › staff cannot modify task status to bypass workflow" classname="authorization.spec.ts" time="0.006">
<system-out>
<![CDATA[
[[ATTACHMENT|authorization-Authorizatio-f1803-k-status-to-bypass-workflow-firefox\error-context.md]]
]]>
</system-out>
<error message="browserType.launch: Executable doesn&apos;t exist at C:\Users\menum\AppData\Local\ms-playwright\firefox-1511\firefox\firefox.exe" type="Error">
<![CDATA[  [firefox] › authorization.spec.ts:179:3 › Authorization Security › staff cannot modify task status to bypass workflow 

    Error: browserType.launch: Executable doesn't exist at C:\Users\menum\AppData\Local\ms-playwright\firefox-1511\firefox\firefox.exe
    ╔════════════════════════════════════════════════════════════╗
    ║ Looks like Playwright was just installed or updated.       ║
    ║ Please run the following command to download new browsers: ║
    ║                                                            ║
    ║     npx playwright install                                 ║
    ║                                                            ║
    ║ <3 Playwright Team                                         ║
    ╚════════════════════════════════════════════════════════════╝

    Error Context: ..\..\test-results\authorization-Authorizatio-f1803-k-status-to-bypass-workflow-firefox\error-context.md
]]>
</error>
</testcase>
</testsuite>
<testsuite name="performance.spec.ts" timestamp="2026-04-13T07:02:00.291Z" hostname="firefox" tests="6" failures="0" skipped="0" time="0.067" errors="6">
<testcase name="Query Performance › list tasks endpoint responds in &lt;2 seconds for 100+ tasks" classname="performance.spec.ts" time="0.006">
<system-out>
<![CDATA[
[[ATTACHMENT|performance-Query-Performa-a7524--in-2-seconds-for-100-tasks-firefox\error-context.md]]
]]>
</system-out>
<error message="browserType.launch: Executable doesn&apos;t exist at C:\Users\menum\AppData\Local\ms-playwright\firefox-1511\firefox\firefox.exe" type="Error">
<![CDATA[  [firefox] › performance.spec.ts:11:3 › Query Performance › list tasks endpoint responds in <2 seconds for 100+ tasks 

    Error: browserType.launch: Executable doesn't exist at C:\Users\menum\AppData\Local\ms-playwright\firefox-1511\firefox\firefox.exe
    ╔════════════════════════════════════════════════════════════╗
    ║ Looks like Playwright was just installed or updated.       ║
    ║ Please run the following command to download new browsers: ║
    ║                                                            ║
    ║     npx playwright install                                 ║
    ║                                                            ║
    ║ <3 Playwright Team                                         ║
    ╚════════════════════════════════════════════════════════════╝

    Error Context: ..\..\test-results\performance-Query-Performa-a7524--in-2-seconds-for-100-tasks-firefox\error-context.md
]]>
</error>
</testcase>
<testcase name="Query Performance › filtered tasks query uses indexes (no full-collection scan)" classname="performance.spec.ts" time="0.006">
<system-out>
<![CDATA[
[[ATTACHMENT|performance-Query-Performa-baa16-es-no-full-collection-scan--firefox\error-context.md]]
]]>
</system-out>
<error message="browserType.launch: Executable doesn&apos;t exist at C:\Users\menum\AppData\Local\ms-playwright\firefox-1511\firefox\firefox.exe" type="Error">
<![CDATA[  [firefox] › performance.spec.ts:33:3 › Query Performance › filtered tasks query uses indexes (no full-collection scan) 

    Error: browserType.launch: Executable doesn't exist at C:\Users\menum\AppData\Local\ms-playwright\firefox-1511\firefox\firefox.exe
    ╔════════════════════════════════════════════════════════════╗
    ║ Looks like Playwright was just installed or updated.       ║
    ║ Please run the following command to download new browsers: ║
    ║                                                            ║
    ║     npx playwright install                                 ║
    ║                                                            ║
    ║ <3 Playwright Team                                         ║
    ╚════════════════════════════════════════════════════════════╝

    Error Context: ..\..\test-results\performance-Query-Performa-baa16-es-no-full-collection-scan--firefox\error-context.md
]]>
</error>
</testcase>
<testcase name="Query Performance › pagination works correctly on task list" classname="performance.spec.ts" time="0.007">
<system-out>
<![CDATA[
[[ATTACHMENT|performance-Query-Performa-39974-orks-correctly-on-task-list-firefox\error-context.md]]
]]>
</system-out>
<error message="browserType.launch: Executable doesn&apos;t exist at C:\Users\menum\AppData\Local\ms-playwright\firefox-1511\firefox\firefox.exe" type="Error">
<![CDATA[  [firefox] › performance.spec.ts:67:3 › Query Performance › pagination works correctly on task list 

    Error: browserType.launch: Executable doesn't exist at C:\Users\menum\AppData\Local\ms-playwright\firefox-1511\firefox\firefox.exe
    ╔════════════════════════════════════════════════════════════╗
    ║ Looks like Playwright was just installed or updated.       ║
    ║ Please run the following command to download new browsers: ║
    ║                                                            ║
    ║     npx playwright install                                 ║
    ║                                                            ║
    ║ <3 Playwright Team                                         ║
    ╚════════════════════════════════════════════════════════════╝

    Error Context: ..\..\test-results\performance-Query-Performa-39974-orks-correctly-on-task-list-firefox\error-context.md
]]>
</error>
</testcase>
<testcase name="Query Performance › tasks by status filter uses index efficiently" classname="performance.spec.ts" time="0.007">
<system-out>
<![CDATA[
[[ATTACHMENT|performance-Query-Performa-e2d57-lter-uses-index-efficiently-firefox\error-context.md]]
]]>
</system-out>
<error message="browserType.launch: Executable doesn&apos;t exist at C:\Users\menum\AppData\Local\ms-playwright\firefox-1511\firefox\firefox.exe" type="Error">
<![CDATA[  [firefox] › performance.spec.ts:111:3 › Query Performance › tasks by status filter uses index efficiently 

    Error: browserType.launch: Executable doesn't exist at C:\Users\menum\AppData\Local\ms-playwright\firefox-1511\firefox\firefox.exe
    ╔════════════════════════════════════════════════════════════╗
    ║ Looks like Playwright was just installed or updated.       ║
    ║ Please run the following command to download new browsers: ║
    ║                                                            ║
    ║     npx playwright install                                 ║
    ║                                                            ║
    ║ <3 Playwright Team                                         ║
    ╚════════════════════════════════════════════════════════════╝

    Error Context: ..\..\test-results\performance-Query-Performa-e2d57-lter-uses-index-efficiently-firefox\error-context.md
]]>
</error>
</testcase>
<testcase name="Query Performance › priority filter works with indexed query" classname="performance.spec.ts" time="0.029">
<system-out>
<![CDATA[
[[ATTACHMENT|performance-Query-Performa-67aad-er-works-with-indexed-query-firefox\error-context.md]]
]]>
</system-out>
<error message="browserType.launch: Executable doesn&apos;t exist at C:\Users\menum\AppData\Local\ms-playwright\firefox-1511\firefox\firefox.exe" type="Error">
<![CDATA[  [firefox] › performance.spec.ts:141:3 › Query Performance › priority filter works with indexed query 

    Error: browserType.launch: Executable doesn't exist at C:\Users\menum\AppData\Local\ms-playwright\firefox-1511\firefox\firefox.exe
    ╔════════════════════════════════════════════════════════════╗
    ║ Looks like Playwright was just installed or updated.       ║
    ║ Please run the following command to download new browsers: ║
    ║                                                            ║
    ║     npx playwright install                                 ║
    ║                                                            ║
    ║ <3 Playwright Team                                         ║
    ╚════════════════════════════════════════════════════════════╝

    Error Context: ..\..\test-results\performance-Query-Performa-67aad-er-works-with-indexed-query-firefox\error-context.md
]]>
</error>
</testcase>
<testcase name="Query Performance › date range filter works efficiently" classname="performance.spec.ts" time="0.012">
<system-out>
<![CDATA[
[[ATTACHMENT|performance-Query-Performa-4e81b-ge-filter-works-efficiently-firefox\error-context.md]]
]]>
</system-out>
<error message="browserType.launch: Executable doesn&apos;t exist at C:\Users\menum\AppData\Local\ms-playwright\firefox-1511\firefox\firefox.exe" type="Error">
<![CDATA[  [firefox] › performance.spec.ts:171:3 › Query Performance › date range filter works efficiently ──

    Error: browserType.launch: Executable doesn't exist at C:\Users\menum\AppData\Local\ms-playwright\firefox-1511\firefox\firefox.exe
    ╔════════════════════════════════════════════════════════════╗
    ║ Looks like Playwright was just installed or updated.       ║
    ║ Please run the following command to download new browsers: ║
    ║                                                            ║
    ║     npx playwright install                                 ║
    ║                                                            ║
    ║ <3 Playwright Team                                         ║
    ╚════════════════════════════════════════════════════════════╝

[...]
    ║ Please run the following command to download new browsers: ║
    ║                                                            ║
    ║     npx playwright install                                 ║
    ║                                                            ║
    ║ <3 Playwright Team                                         ║
    ╚════════════════════════════════════════════════════════════╝

    Error Context: ..\..\test-results\authorization-Authorizatio-49ff4-oad-requires-authentication-Mobile-Safari\error-context.md
]]>
</error>
</testcase>
<testcase name="Authorization Security › staff cannot modify task status to bypass workflow" classname="authorization.spec.ts" time="0.006">
<system-out>
<![CDATA[
[[ATTACHMENT|authorization-Authorizatio-f1803-k-status-to-bypass-workflow-Mobile-Safari\error-context.md]]
]]>
</system-out>
<error message="browserType.launch: Executable doesn&apos;t exist at C:\Users\menum\AppData\Local\ms-playwright\webkit-2272\Playwright.exe" type="Error">
<![CDATA[  [Mobile Safari] › authorization.spec.ts:179:3 › Authorization Security › staff cannot modify task status to bypass workflow 

    Error: browserType.launch: Executable doesn't exist at C:\Users\menum\AppData\Local\ms-playwright\webkit-2272\Playwright.exe
    ╔════════════════════════════════════════════════════════════╗
    ║ Looks like Playwright was just installed or updated.       ║
    ║ Please run the following command to download new browsers: ║
    ║                                                            ║
    ║     npx playwright install                                 ║
    ║                                                            ║
    ║ <3 Playwright Team                                         ║
    ╚════════════════════════════════════════════════════════════╝

    Error Context: ..\..\test-results\authorization-Authorizatio-f1803-k-status-to-bypass-workflow-Mobile-Safari\error-context.md
]]>
</error>
</testcase>
</testsuite>
<testsuite name="performance.spec.ts" timestamp="2026-04-13T07:02:00.291Z" hostname="Mobile Safari" tests="6" failures="0" skipped="0" time="0.035" errors="6">
<testcase name="Query Performance › list tasks endpoint responds in &lt;2 seconds for 100+ tasks" classname="performance.spec.ts" time="0.005">
<system-out>
<![CDATA[
[[ATTACHMENT|performance-Query-Performa-a7524--in-2-seconds-for-100-tasks-Mobile-Safari\error-context.md]]
]]>
</system-out>
<error message="browserType.launch: Executable doesn&apos;t exist at C:\Users\menum\AppData\Local\ms-playwright\webkit-2272\Playwright.exe" type="Error">
<![CDATA[  [Mobile Safari] › performance.spec.ts:11:3 › Query Performance › list tasks endpoint responds in <2 seconds for 100+ tasks 

    Error: browserType.launch: Executable doesn't exist at C:\Users\menum\AppData\Local\ms-playwright\webkit-2272\Playwright.exe
    ╔════════════════════════════════════════════════════════════╗
    ║ Looks like Playwright was just installed or updated.       ║
    ║ Please run the following command to download new browsers: ║
    ║                                                            ║
    ║     npx playwright install                                 ║
    ║                                                            ║
    ║ <3 Playwright Team                                         ║
    ╚════════════════════════════════════════════════════════════╝

    Error Context: ..\..\test-results\performance-Query-Performa-a7524--in-2-seconds-for-100-tasks-Mobile-Safari\error-context.md
]]>
</error>
</testcase>
<testcase name="Query Performance › filtered tasks query uses indexes (no full-collection scan)" classname="performance.spec.ts" time="0.008">
<system-out>
<![CDATA[
[[ATTACHMENT|performance-Query-Performa-baa16-es-no-full-collection-scan--Mobile-Safari\error-context.md]]
]]>
</system-out>
<error message="browserType.launch: Executable doesn&apos;t exist at C:\Users\menum\AppData\Local\ms-playwright\webkit-2272\Playwright.exe" type="Error">
<![CDATA[  [Mobile Safari] › performance.spec.ts:33:3 › Query Performance › filtered tasks query uses indexes (no full-collection scan) 

    Error: browserType.launch: Executable doesn't exist at C:\Users\menum\AppData\Local\ms-playwright\webkit-2272\Playwright.exe
    ╔════════════════════════════════════════════════════════════╗
    ║ Looks like Playwright was just installed or updated.       ║
    ║ Please run the following command to download new browsers: ║
    ║                                                            ║
    ║     npx playwright install                                 ║
    ║                                                            ║
    ║ <3 Playwright Team                                         ║
    ╚════════════════════════════════════════════════════════════╝

    Error Context: ..\..\test-results\performance-Query-Performa-baa16-es-no-full-collection-scan--Mobile-Safari\error-context.md
]]>
</error>
</testcase>
<testcase name="Query Performance › pagination works correctly on task list" classname="performance.spec.ts" time="0.006">
<system-out>
<![CDATA[
[[ATTACHMENT|performance-Query-Performa-39974-orks-correctly-on-task-list-Mobile-Safari\error-context.md]]
]]>
</system-out>
<error message="browserType.launch: Executable doesn&apos;t exist at C:\Users\menum\AppData\Local\ms-playwright\webkit-2272\Playwright.exe" type="Error">
<![CDATA[  [Mobile Safari] › performance.spec.ts:67:3 › Query Performance › pagination works correctly on task list 

    Error: browserType.launch: Executable doesn't exist at C:\Users\menum\AppData\Local\ms-playwright\webkit-2272\Playwright.exe
    ╔════════════════════════════════════════════════════════════╗
    ║ Looks like Playwright was just installed or updated.       ║
    ║ Please run the following command to download new browsers: ║
    ║                                                            ║
    ║     npx playwright install                                 ║
    ║                                                            ║
    ║ <3 Playwright Team                                         ║
    ╚════════════════════════════════════════════════════════════╝

    Error Context: ..\..\test-results\performance-Query-Performa-39974-orks-correctly-on-task-list-Mobile-Safari\error-context.md
]]>
</error>
</testcase>
<testcase name="Query Performance › tasks by status filter uses index efficiently" classname="performance.spec.ts" time="0.005">
<system-out>
<![CDATA[
[[ATTACHMENT|performance-Query-Performa-e2d57-lter-uses-index-efficiently-Mobile-Safari\error-context.md]]
]]>
</system-out>
<error message="browserType.launch: Executable doesn&apos;t exist at C:\Users\menum\AppData\Local\ms-playwright\webkit-2272\Playwright.exe" type="Error">
<![CDATA[  [Mobile Safari] › performance.spec.ts:111:3 › Query Performance › tasks by status filter uses index efficiently 

    Error: browserType.launch: Executable doesn't exist at C:\Users\menum\AppData\Local\ms-playwright\webkit-2272\Playwright.exe
    ╔════════════════════════════════════════════════════════════╗
    ║ Looks like Playwright was just installed or updated.       ║
    ║ Please run the following command to download new browsers: ║
    ║                                                            ║
    ║     npx playwright install                                 ║
    ║                                                            ║
    ║ <3 Playwright Team                                         ║
    ╚════════════════════════════════════════════════════════════╝

    Error Context: ..\..\test-results\performance-Query-Performa-e2d57-lter-uses-index-efficiently-Mobile-Safari\error-context.md
]]>
</error>
</testcase>
<testcase name="Query Performance › priority filter works with indexed query" classname="performance.spec.ts" time="0.005">
<system-out>
<![CDATA[
[[ATTACHMENT|performance-Query-Performa-67aad-er-works-with-indexed-query-Mobile-Safari\error-context.md]]
]]>
</system-out>
<error message="browserType.launch: Executable doesn&apos;t exist at C:\Users\menum\AppData\Local\ms-playwright\webkit-2272\Playwright.exe" type="Error">
<![CDATA[  [Mobile Safari] › performance.spec.ts:141:3 › Query Performance › priority filter works with indexed query 

    Error: browserType.launch: Executable doesn't exist at C:\Users\menum\AppData\Local\ms-playwright\webkit-2272\Playwright.exe
    ╔════════════════════════════════════════════════════════════╗
    ║ Looks like Playwright was just installed or updated.       ║
    ║ Please run the following command to download new browsers: ║
    ║                                                            ║
    ║     npx playwright install                                 ║
    ║                                                            ║
    ║ <3 Playwright Team                                         ║
    ╚════════════════════════════════════════════════════════════╝

    Error Context: ..\..\test-results\performance-Query-Performa-67aad-er-works-with-indexed-query-Mobile-Safari\error-context.md
]]>
</error>
</testcase>
<testcase name="Query Performance › date range filter works efficiently" classname="performance.spec.ts" time="0.006">
<system-out>
<![CDATA[
[[ATTACHMENT|performance-Query-Performa-4e81b-ge-filter-works-efficiently-Mobile-Safari\error-context.md]]
]]>
</system-out>
<error message="browserType.launch: Executable doesn&apos;t exist at C:\Users\menum\AppData\Local\ms-playwright\webkit-2272\Playwright.exe" type="Error">
<![CDATA[  [Mobile Safari] › performance.spec.ts:171:3 › Query Performance › date range filter works efficiently 

    Error: browserType.launch: Executable doesn't exist at C:\Users\menum\AppData\Local\ms-playwright\webkit-2272\Playwright.exe
    ╔════════════════════════════════════════════════════════════╗
    ║ Looks like Playwright was just installed or updated.       ║
    ║ Please run the following command to download new browsers: ║
    ║                                                            ║
    ║     npx playwright install                                 ║
    ║                                                            ║
    ║ <3 Playwright Team                                         ║
    ╚════════════════════════════════════════════════════════════╝

    Error Context: ..\..\test-results\performance-Query-Performa-4e81b-ge-filter-works-efficiently-Mobile-Safari\error-context.md
]]>
</error>
</testcase>
</testsuite>
<testsuite name="tasks.spec.ts" timestamp="2026-04-13T07:02:00.291Z" hostname="Mobile Safari" tests="7" failures="0" skipped="0" time="0.039" errors="7">
<testcase name="Task Management › should create a new task" classname="tasks.spec.ts" time="0.004">
<system-out>
<![CDATA[
[[ATTACHMENT|tasks-Task-Management-should-create-a-new-task-Mobile-Safari\error-context.md]]
]]>
</system-out>
<error message="browserType.launch: Executable doesn&apos;t exist at C:\Users\menum\AppData\Local\ms-playwright\webkit-2272\Playwright.exe" type="Error">
<![CDATA[  [Mobile Safari] › tasks.spec.ts:14:3 › Task Management › should create a new task ────────────────

    Error: browserType.launch: Executable doesn't exist at C:\Users\menum\AppData\Local\ms-playwright\webkit-2272\Playwright.exe
    ╔════════════════════════════════════════════════════════════╗
    ║ Looks like Playwright was just installed or updated.       ║
    ║ Please run the following command to download new browsers: ║
    ║                                                            ║
    ║     npx playwright install                                 ║
    ║                                                            ║
    ║ <3 Playwright Team                                         ║
    ╚════════════════════════════════════════════════════════════╝

    Error Context: ..\..\test-results\tasks-Task-Management-should-create-a-new-task-Mobile-Safari\error-context.md
]]>
</error>
</testcase>
<testcase name="Task Management › should display file upload for task" classname="tasks.spec.ts" time="0.005">
<system-out>
<![CDATA[
[[ATTACHMENT|tasks-Task-Management-should-display-file-upload-for-task-Mobile-Safari\error-context.md]]
]]>
</system-out>
<error message="browserType.launch: Executable doesn&apos;t exist at C:\Users\menum\AppData\Local\ms-playwright\webkit-2272\Playwright.exe" type="Error">
<![CDATA[  [Mobile Safari] › tasks.spec.ts:41:3 › Task Management › should display file upload for task ─────

    Error: browserType.launch: Executable doesn't exist at C:\Users\menum\AppData\Local\ms-playwright\webkit-2272\Playwright.exe
    ╔════════════════════════════════════════════════════════════╗
    ║ Looks like Playwright was just installed or updated.       ║
    ║ Please run the following command to download new browsers: ║
    ║                                                            ║
    ║     npx playwright install                                 ║
    ║                                                            ║
    ║ <3 Playwright Team                                         ║
    ╚════════════════════════════════════════════════════════════╝

    Error Context: ..\..\test-results\tasks-Task-Management-should-display-file-upload-for-task-Mobile-Safari\error-context.md
]]>
</error>
</testcase>
<testcase name="Task Management › should enforce authorization on file download" classname="tasks.spec.ts" time="0.006">
<system-out>
<![CDATA[
[[ATTACHMENT|tasks-Task-Management-shou-d8aa3-horization-on-file-download-Mobile-Safari\error-context.md]]
]]>
</system-out>
<error message="browserType.launch: Executable doesn&apos;t exist at C:\Users\menum\AppData\Local\ms-playwright\webkit-2272\Playwright.exe" type="Error">
<![CDATA[  [Mobile Safari] › tasks.spec.ts:58:3 › Task Management › should enforce authorization on file download 

    Error: browserType.launch: Executable doesn't exist at C:\Users\menum\AppData\Local\ms-playwright\webkit-2272\Playwright.exe
    ╔════════════════════════════════════════════════════════════╗
    ║ Looks like Playwright was just installed or updated.       ║
    ║ Please run the following command to download new browsers: ║
    ║                                                            ║
    ║     npx playwright install                                 ║
    ║                                                            ║
    ║ <3 Playwright Team                                         ║
    ╚════════════════════════════════════════════════════════════╝

    Error Context: ..\..\test-results\tasks-Task-Management-shou-d8aa3-horization-on-file-download-Mobile-Safari\error-context.md
]]>
</error>
</testcase>
<testcase name="Task Management › should track time entries for tasks" classname="tasks.spec.ts" time="0.006">
<system-out>
<![CDATA[
[[ATTACHMENT|tasks-Task-Management-should-track-time-entries-for-tasks-Mobile-Safari\error-context.md]]
]]>
</system-out>
<error message="browserType.launch: Executable doesn&apos;t exist at C:\Users\menum\AppData\Local\ms-playwright\webkit-2272\Playwright.exe" type="Error">
<![CDATA[  [Mobile Safari] › tasks.spec.ts:80:3 › Task Management › should track time entries for tasks ─────

    Error: browserType.launch: Executable doesn't exist at C:\Users\menum\AppData\Local\ms-playwright\webkit-2272\Playwright.exe
    ╔════════════════════════════════════════════════════════════╗
    ║ Looks like Playwright was just installed or updated.       ║
    ║ Please run the following command to download new browsers: ║
    ║                                                            ║
    ║     npx playwright install                                 ║
    ║                                                            ║
    ║ <3 Playwright Team                                         ║
    ╚════════════════════════════════════════════════════════════╝

    Error Context: ..\..\test-results\tasks-Task-Management-should-track-time-entries-for-tasks-Mobile-Safari\error-context.md
]]>
</error>
</testcase>
<testcase name="Task Management › should assign tasks to users" classname="tasks.spec.ts" time="0.005">
<system-out>
<![CDATA[
[[ATTACHMENT|tasks-Task-Management-should-assign-tasks-to-users-Mobile-Safari\error-context.md]]
]]>
</system-out>
<error message="browserType.launch: Executable doesn&apos;t exist at C:\Users\menum\AppData\Local\ms-playwright\webkit-2272\Playwright.exe" type="Error">
<![CDATA[  [Mobile Safari] › tasks.spec.ts:108:3 › Task Management › should assign tasks to users ───────────

    Error: browserType.launch: Executable doesn't exist at C:\Users\menum\AppData\Local\ms-playwright\webkit-2272\Playwright.exe
    ╔════════════════════════════════════════════════════════════╗
    ║ Looks like Playwright was just installed or updated.       ║
    ║ Please run the following command to download new browsers: ║
    ║                                                            ║
    ║     npx playwright install                                 ║
    ║                                                            ║
    ║ <3 Playwright Team                                         ║
    ╚════════════════════════════════════════════════════════════╝

    Error Context: ..\..\test-results\tasks-Task-Management-should-assign-tasks-to-users-Mobile-Safari\error-context.md
]]>
</error>
</testcase>
<testcase name="Task Management › should prevent unauthorized access to restricted tasks" classname="tasks.spec.ts" time="0.005">
<system-out>
<![CDATA[
[[ATTACHMENT|tasks-Task-Management-shou-4f4c5--access-to-restricted-tasks-Mobile-Safari\error-context.md]]
]]>
</system-out>
<error message="browserType.launch: Executable doesn&apos;t exist at C:\Users\menum\AppData\Local\ms-playwright\webkit-2272\Playwright.exe" type="Error">
<![CDATA[  [Mobile Safari] › tasks.spec.ts:133:3 › Task Management › should prevent unauthorized access to restricted tasks 

    Error: browserType.launch: Executable doesn't exist at C:\Users\menum\AppData\Local\ms-playwright\webkit-2272\Playwright.exe
    ╔════════════════════════════════════════════════════════════╗
    ║ Looks like Playwright was just installed or updated.       ║
    ║ Please run the following command to download new browsers: ║
    ║                                                            ║
    ║     npx playwright install                                 ║
    ║                                                            ║
    ║ <3 Playwright Team                                         ║
    ╚════════════════════════════════════════════════════════════╝

    Error Context: ..\..\test-results\tasks-Task-Management-shou-4f4c5--access-to-restricted-tasks-Mobile-Safari\error-context.md
]]>
</error>
</testcase>
<testcase name="Task Management › should validate task form inputs" classname="tasks.spec.ts" time="0.008">
<system-out>
<![CDATA[
[[ATTACHMENT|tasks-Task-Management-should-validate-task-form-inputs-Mobile-Safari\error-context.md]]
]]>
</system-out>
<error message="browserType.launch: Executable doesn&apos;t exist at C:\Users\menum\AppData\Local\ms-playwright\webkit-2272\Playwright.exe" type="Error">
<![CDATA[  [Mobile Safari] › tasks.spec.ts:151:3 › Task Management › should validate task form inputs ───────

    Error: browserType.launch: Executable doesn't exist at C:\Users\menum\AppData\Local\ms-playwright\webkit-2272\Playwright.exe
    ╔════════════════════════════════════════════════════════════╗
    ║ Looks like Playwright was just installed or updated.       ║
    ║ Please run the following command to download new browsers: ║
    ║                                                            ║
    ║     npx playwright install                                 ║
    ║                                                            ║
    ║ <3 Playwright Team                                         ║
    ╚════════════════════════════════════════════════════════════╝

    Error Context: ..\..\test-results\tasks-Task-Management-should-validate-task-form-inputs-Mobile-Safari\error-context.md
]]>
</error>
</testcase>
</testsuite>
</testsuites>